Ex1 (OOP) Simulator log: stage data/Ex1_input/Ex1_Buildings/B4.json,  out/Ex1_B4_case_a.csv
0.0,OOP_Ex1_Elevator_Simulator
0.0,Simulated Building, Building [-10,100]
0) ex1.Elevator_A, Elev_, id,0,  speed, 1.0, open: 2.0,  start: 3.0, close: 2.0,  stop: 3.0
1) ex1.Elevator_A, Elev_, id,1,  speed, 2.0, open: 2.0,  start: 3.0, close: 2.0,  stop: 3.0
2) ex1.Elevator_A, Elev_, id,2,  speed, 8.0, open: 1.25,  start: 1.875, close: 1.25,  stop: 1.875
3) ex1.Elevator_A, Elev_, id,3,  speed, 6.0, open: 1.6666666666666667,  start: 2.5, close: 1.6666666666666667,  stop: 2.5
4) ex1.Elevator_A, Elev_, id,4,  speed, 2.0, open: 2.0,  start: 3.0, close: 2.0,  stop: 3.0

0.0,Simulated Period starTime,0.0,  endTime,1104.1840186,  dt,1.0
0.0,Simulated  calls,Elevator log, size: 100
0.0,**** Simulation starts!! ****
5.0,Elevator call,4.37472729,0,-1,1,2, got allocated to elevator, 2
5.0,Elev,2,  arrived at src, 0, Elevator call,4.37472729,0,-1,2,2
5.0, elevID,2,  pos,0,  cmd, goto,-1
12.0,Elev,2,  arrived at dest, -1, this call is done!, Elevator call,4.37472729,0,-1,3,2, Done, dt, 7.62527271
17.0,Elevator call,16.95788289,-1,0,1,2, got allocated to elevator, 2
17.0,Elev,2,  arrived at src, -1, Elevator call,16.95788289,-1,0,2,2
17.0, elevID,2,  pos,-1,  cmd, goto,0
23.0,Elevator call,22.0940563,0,-1,1,2, got allocated to elevator, 2
24.0,Elev,2,  arrived at dest, 0, this call is done!, Elevator call,16.95788289,-1,0,3,2, Done, dt, 7.0421171099999995
24.0,Elev,2,  arrived at src, 0, Elevator call,22.0940563,0,-1,2,2
24.0, elevID,2,  pos,0,  cmd, goto,-1
31.0,Elev,2,  arrived at dest, -1, this call is done!, Elevator call,22.0940563,0,-1,3,2, Done, dt, 8.905943700000002
86.0,Elevator call,85.52096662,3,2,1,2, got allocated to elevator, 2
86.0, elevID,2,  pos,-1,  cmd, goto,3
92.0,Elevator call,91.21019413,-1,-2,1,2, got allocated to elevator, 2
93.0,Elev,2,  arrived at src, 3, Elevator call,85.52096662,3,2,2,2
93.0, elevID,2,  pos,3,  cmd, goto,2
100.0,Elev,2,  arrived at dest, 2, this call is done!, Elevator call,85.52096662,3,2,3,2, Done, dt, 14.479033380000004
100.0, elevID,2,  pos,2,  cmd, goto,-1
105.0,Elevator call,104.1370124,0,4,1,3, got allocated to elevator, 3
105.0,Elev,3,  arrived at src, 0, Elevator call,104.1370124,0,4,2,3
105.0, elevID,3,  pos,0,  cmd, goto,4
107.0,Elev,2,  arrived at src, -1, Elevator call,91.21019413,-1,-2,2,2
107.0, elevID,2,  pos,-1,  cmd, goto,-2
110.0,Elevator call,109.2135291,-1,0,1,2, got allocated to elevator, 2
, elevID,2,  pos,-1,  cmd, stop,-1
114.0,Elev,2,  arrived at src, -1, Elevator call,109.2135291,-1,0,2,2
114.0, elevID,2,  pos,-1,  cmd, goto,-2
114.0,Elev,3,  arrived at dest, 4, this call is done!, Elevator call,104.1370124,0,4,3,3, Done, dt, 9.862987599999997
115.0,Elevator call,114.392351,3,0,1,3, got allocated to elevator, 3
115.0, elevID,3,  pos,4,  cmd, goto,3
121.0,Elev,2,  arrived at dest, -2, this call is done!, Elevator call,91.21019413,-1,-2,3,2, Done, dt, 29.789805869999995
121.0, elevID,2,  pos,-2,  cmd, goto,0
124.0,Elev,3,  arrived at src, 3, Elevator call,114.392351,3,0,2,3
124.0, elevID,3,  pos,3,  cmd, goto,0
125.0,Elevator call,124.425571,0,9,1,0, got allocated to elevator, 0
125.0,Elev,0,  arrived at src, 0, Elevator call,124.425571,0,9,2,0
125.0, elevID,0,  pos,0,  cmd, goto,9
128.0,Elev,2,  arrived at dest, 0, this call is done!, Elevator call,109.2135291,-1,0,3,2, Done, dt, 18.786470899999998
131.0,Elevator call,130.0249568,8,10,1,2, got allocated to elevator, 2
131.0,Elevator call,130.2249113,-1,1,1,2, got allocated to elevator, 2
131.0, elevID,2,  pos,0,  cmd, goto,-1
133.0,Elev,3,  arrived at dest, 0, this call is done!, Elevator call,114.392351,3,0,3,3, Done, dt, 18.607648999999995
138.0,Elevator call,137.9515274,0,4,1,3, got allocated to elevator, 3
138.0,Elev,2,  arrived at src, -1, Elevator call,130.2249113,-1,1,2,2
138.0, elevID,2,  pos,-1,  cmd, goto,1
138.0,Elev,3,  arrived at src, 0, Elevator call,137.9515274,0,4,2,3
138.0, elevID,3,  pos,0,  cmd, goto,4
144.0,Elevator call,143.9133584,0,6,1,1, got allocated to elevator, 1
144.0,Elev,0,  arrived at dest, 9, this call is done!, Elevator call,124.425571,0,9,3,0, Done, dt, 19.574428999999995
144.0,Elev,1,  arrived at src, 0, Elevator call,143.9133584,0,6,2,1
144.0, elevID,1,  pos,0,  cmd, goto,6
145.0,Elev,2,  arrived at dest, 1, this call is done!, Elevator call,130.2249113,-1,1,3,2, Done, dt, 14.775088699999998
145.0, elevID,2,  pos,1,  cmd, goto,8
147.0,Elev,3,  arrived at dest, 4, this call is done!, Elevator call,137.9515274,0,4,3,3, Done, dt, 9.048472599999997
153.0,Elev,2,  arrived at src, 8, Elevator call,130.0249568,8,10,2,2
153.0, elevID,2,  pos,8,  cmd, goto,10
157.0,Elev,1,  arrived at dest, 6, this call is done!, Elevator call,143.9133584,0,6,3,1, Done, dt, 13.086641600000007
160.0,Elev,2,  arrived at dest, 10, this call is done!, Elevator call,130.0249568,8,10,3,2, Done, dt, 29.975043199999988
170.0,Elevator call,169.7845834,-1,0,1,2, got allocated to elevator, 2
170.0, elevID,2,  pos,10,  cmd, goto,-1
171.0,Elevator call,170.0099621,0,6,1,1, got allocated to elevator, 1
171.0, elevID,1,  pos,6,  cmd, goto,0
172.0,Elevator call,171.2117332,-1,8,1,0, got allocated to elevator, 0
172.0, elevID,0,  pos,9,  cmd, goto,-1
175.0,Elevator call,174.8438515,0,-1,1,2, got allocated to elevator, 2
178.0,Elev,2,  arrived at src, -1, Elevator call,169.7845834,-1,0,2,2
178.0, elevID,2,  pos,-1,  cmd, goto,0
184.0,Elev,1,  arrived at src, 0, Elevator call,170.0099621,0,6,2,1
184.0, elevID,1,  pos,0,  cmd, goto,6
185.0,Elev,2,  arrived at dest, 0, this call is done!, Elevator call,169.7845834,-1,0,3,2, Done, dt, 15.215416599999998
185.0,Elev,2,  arrived at src, 0, Elevator call,174.8438515,0,-1,2,2
185.0, elevID,2,  pos,0,  cmd, goto,-1
188.0,Elevator call,187.1167862,-1,-2,1,2, got allocated to elevator, 2
188.0,Elevator call,187.7299318,-1,-2,1,2, got allocated to elevator, 2
192.0,Elev,0,  arrived at src, -1, Elevator call,171.2117332,-1,8,2,0
192.0, elevID,0,  pos,-1,  cmd, goto,8
192.0,Elev,2,  arrived at dest, -1, this call is done!, Elevator call,174.8438515,0,-1,3,2, Done, dt, 17.1561485
192.0,Elev,2,  arrived at src, -1, Elevator call,187.1167862,-1,-2,2,2
192.0,Elev,2,  arrived at src, -1, Elevator call,187.7299318,-1,-2,2,2
192.0, elevID,2,  pos,-1,  cmd, goto,-2
196.0,Elevator call,195.9086965,0,7,1,4, got allocated to elevator, 4
196.0,Elev,4,  arrived at src, 0, Elevator call,195.9086965,0,7,2,4
196.0, elevID,4,  pos,0,  cmd, goto,7
197.0,Elev,1,  arrived at dest, 6, this call is done!, Elevator call,170.0099621,0,6,3,1, Done, dt, 26.990037900000004
198.0,Elevator call,197.5359191,-1,1,1,2, got allocated to elevator, 2
199.0,Elev,2,  arrived at dest, -2, this call is done!, Elevator call,187.1167862,-1,-2,3,2, Done, dt, 11.883213799999993
199.0,Elev,2,  arrived at dest, -2, this call is done!, Elevator call,187.7299318,-1,-2,3,2, Done, dt, 11.270068199999997
199.0, elevID,2,  pos,-2,  cmd, goto,-1
206.0,Elevator call,205.9895199,-1,0,1,2, got allocated to elevator, 2
206.0,Elev,2,  arrived at src, -1, Elevator call,197.5359191,-1,1,2,2
206.0,Elev,2,  arrived at src, -1, Elevator call,205.9895199,-1,0,2,2
206.0, elevID,2,  pos,-1,  cmd, goto,0
210.0,Elev,4,  arrived at dest, 7, this call is done!, Elevator call,195.9086965,0,7,3,4, Done, dt, 14.09130350000001
211.0,Elev,0,  arrived at dest, 8, this call is done!, Elevator call,171.2117332,-1,8,3,0, Done, dt, 39.7882668
213.0,Elev,2,  arrived at dest, 0, this call is done!, Elevator call,205.9895199,-1,0,3,2, Done, dt, 7.010480099999995
213.0, elevID,2,  pos,0,  cmd, goto,1
220.0,Elev,2,  arrived at dest, 1, this call is done!, Elevator call,197.5359191,-1,1,3,2, Done, dt, 22.4640809
228.0,Elevator call,227.0798305,-1,5,1,1, got allocated to elevator, 1
228.0, elevID,1,  pos,6,  cmd, goto,-1
232.0,Elevator call,231.5157882,-1,0,1,2, got allocated to elevator, 2
232.0, elevID,2,  pos,1,  cmd, goto,-1
233.0,Elevator call,232.9504362,0,-1,1,2, got allocated to elevator, 2
, elevID,2,  pos,1,  cmd, stop,0
239.0,Elev,2,  arrived at src, 0, Elevator call,232.9504362,0,-1,2,2
239.0, elevID,2,  pos,0,  cmd, goto,-1
242.0,Elev,1,  arrived at src, -1, Elevator call,227.0798305,-1,5,2,1
242.0, elevID,1,  pos,-1,  cmd, goto,5
246.0,Elev,2,  arrived at src, -1, Elevator call,231.5157882,-1,0,2,2
246.0,Elev,2,  arrived at dest, -1, this call is done!, Elevator call,232.9504362,0,-1,3,2, Done, dt, 13.049563799999987
246.0, elevID,2,  pos,-1,  cmd, goto,0
252.0,Elevator call,251.1044469,-1,-2,1,2, got allocated to elevator, 2
252.0,Elevator call,251.2359335,0,9,1,0, got allocated to elevator, 0
252.0, elevID,0,  pos,8,  cmd, goto,0
253.0,Elev,2,  arrived at dest, 0, this call is done!, Elevator call,231.5157882,-1,0,3,2, Done, dt, 21.484211799999997
253.0, elevID,2,  pos,0,  cmd, goto,-1
255.0,Elevator call,254.6977153,3,4,1,2, got allocated to elevator, 2
255.0,Elev,1,  arrived at dest, 5, this call is done!, Elevator call,227.0798305,-1,5,3,1, Done, dt, 27.920169499999986
258.0,Elevator call,257.7974435,-1,0,1,2, got allocated to elevator, 2
260.0,Elev,2,  arrived at src, -1, Elevator call,251.1044469,-1,-2,2,2
260.0,Elev,2,  arrived at src, -1, Elevator call,257.7974435,-1,0,2,2
260.0, elevID,2,  pos,-1,  cmd, goto,-2
267.0,Elev,2,  arrived at dest, -2, this call is done!, Elevator call,251.1044469,-1,-2,3,2, Done, dt, 15.8955531
267.0, elevID,2,  pos,-2,  cmd, goto,0
270.0,Elev,0,  arrived at src, 0, Elevator call,251.2359335,0,9,2,0
270.0, elevID,0,  pos,0,  cmd, goto,9
274.0,Elev,2,  arrived at dest, 0, this call is done!, Elevator call,257.7974435,-1,0,3,2, Done, dt, 16.202556500000014
274.0, elevID,2,  pos,0,  cmd, goto,3
281.0,Elev,2,  arrived at src, 3, Elevator call,254.6977153,3,4,2,2
281.0, elevID,2,  pos,3,  cmd, goto,4
288.0,Elev,2,  arrived at dest, 4, this call is done!, Elevator call,254.6977153,3,4,3,2, Done, dt, 33.3022847
289.0,Elev,0,  arrived at dest, 9, this call is done!, Elevator call,251.2359335,0,9,3,0, Done, dt, 37.76406650000001
296.0,Elevator call,295.7943357,0,1,1,2, got allocated to elevator, 2
296.0, elevID,2,  pos,4,  cmd, goto,0
303.0,Elev,2,  arrived at src, 0, Elevator call,295.7943357,0,1,2,2
303.0, elevID,2,  pos,0,  cmd, goto,1
305.0,Elevator call,304.9984388,6,0,1,1, got allocated to elevator, 1
305.0, elevID,1,  pos,5,  cmd, goto,6
310.0,Elevator call,309.3005383,0,-1,1,2, got allocated to elevator, 2
310.0,Elev,2,  arrived at dest, 1, this call is done!, Elevator call,295.7943357,0,1,3,2, Done, dt, 14.205664300000024
310.0, elevID,2,  pos,1,  cmd, goto,0
313.0,Elevator call,312.3018556,0,-1,1,2, got allocated to elevator, 2
316.0,Elev,1,  arrived at src, 6, Elevator call,304.9984388,6,0,2,1
316.0, elevID,1,  pos,6,  cmd, goto,0
317.0,Elevator call,316.0323783,0,-1,1,2, got allocated to elevator, 2
317.0,Elev,2,  arrived at src, 0, Elevator call,309.3005383,0,-1,2,2
317.0,Elev,2,  arrived at src, 0, Elevator call,312.3018556,0,-1,2,2
317.0,Elev,2,  arrived at src, 0, Elevator call,316.0323783,0,-1,2,2
317.0, elevID,2,  pos,0,  cmd, goto,-1
320.0,Elevator call,319.905202,6,5,1,2, got allocated to elevator, 2
321.0,Elevator call,320.9760749,-1,0,1,2, got allocated to elevator, 2
322.0,Elevator call,321.370409,7,-1,1,4, got allocated to elevator, 4
322.0,Elev,4,  arrived at src, 7, Elevator call,321.370409,7,-1,2,4
322.0, elevID,4,  pos,7,  cmd, goto,-1
324.0,Elev,2,  arrived at dest, -1, this call is done!, Elevator call,309.3005383,0,-1,3,2, Done, dt, 14.699461699999972
324.0,Elev,2,  arrived at dest, -1, this call is done!, Elevator call,312.3018556,0,-1,3,2, Done, dt, 11.69814439999999
324.0,Elev,2,  arrived at dest, -1, this call is done!, Elevator call,316.0323783,0,-1,3,2, Done, dt, 7.967621699999995
324.0,Elev,2,  arrived at src, -1, Elevator call,320.9760749,-1,0,2,2
324.0, elevID,2,  pos,-1,  cmd, goto,0
329.0,Elev,1,  arrived at dest, 0, this call is done!, Elevator call,304.9984388,6,0,3,1, Done, dt, 24.001561200000026
331.0,Elev,2,  arrived at dest, 0, this call is done!, Elevator call,320.9760749,-1,0,3,2, Done, dt, 10.023925099999985
331.0, elevID,2,  pos,0,  cmd, goto,6
333.0,Elevator call,332.4267319,0,10,1,0, got allocated to elevator, 0
333.0, elevID,0,  pos,9,  cmd, goto,0
336.0,Elev,4,  arrived at dest, -1, this call is done!, Elevator call,321.370409,7,-1,3,4, Done, dt, 14.629591000000005
337.0,Elevator call,336.9304305,-1,0,1,2, got allocated to elevator, 2
338.0,Elev,2,  arrived at src, 6, Elevator call,319.905202,6,5,2,2
338.0, elevID,2,  pos,6,  cmd, goto,5
345.0,Elev,2,  arrived at dest, 5, this call is done!, Elevator call,319.905202,6,5,3,2, Done, dt, 25.094798000000026
345.0, elevID,2,  pos,5,  cmd, goto,-1
352.0,Elev,0,  arrived at src, 0, Elevator call,332.4267319,0,10,2,0
352.0, elevID,0,  pos,0,  cmd, goto,10
352.0,Elev,2,  arrived at src, -1, Elevator call,336.9304305,-1,0,2,2
352.0, elevID,2,  pos,-1,  cmd, goto,0
359.0,Elev,2,  arrived at dest, 0, this call is done!, Elevator call,336.9304305,-1,0,3,2, Done, dt, 22.0695695
372.0,Elev,0,  arrived at dest, 10, this call is done!, Elevator call,332.4267319,0,10,3,0, Done, dt, 39.57326810000001
376.0,Elevator call,375.490481,1,0,1,2, got allocated to elevator, 2
376.0, elevID,2,  pos,0,  cmd, goto,1
383.0,Elev,2,  arrived at src, 1, Elevator call,375.490481,1,0,2,2
383.0, elevID,2,  pos,1,  cmd, goto,0
390.0,Elev,2,  arrived at dest, 0, this call is done!, Elevator call,375.490481,1,0,3,2, Done, dt, 14.509519000000012
393.0,Elevator call,392.5160765,0,5,1,1, got allocated to elevator, 1
393.0,Elev,1,  arrived at src, 0, Elevator call,392.5160765,0,5,2,1
393.0, elevID,1,  pos,0,  cmd, goto,5
406.0,Elevator call,405.1821141,-1,10,1,0, got allocated to elevator, 0
406.0, elevID,0,  pos,10,  cmd, goto,-1
406.0,Elev,1,  arrived at dest, 5, this call is done!, Elevator call,392.5160765,0,5,3,1, Done, dt, 13.483923500000003
427.0,Elevator call,426.8615805,2,0,1,2, got allocated to elevator, 2
427.0,Elev,0,  arrived at src, -1, Elevator call,405.1821141,-1,10,2,0
427.0, elevID,0,  pos,-1,  cmd, goto,10
427.0, elevID,2,  pos,0,  cmd, goto,2
434.0,Elev,2,  arrived at src, 2, Elevator call,426.8615805,2,0,2,2
434.0, elevID,2,  pos,2,  cmd, goto,0
438.0,Elevator call,437.1711158,1,0,1,2, got allocated to elevator, 2
441.0,Elev,2,  arrived at dest, 0, this call is done!, Elevator call,426.8615805,2,0,3,2, Done, dt, 14.138419499999998
441.0, elevID,2,  pos,0,  cmd, goto,1
448.0,Elev,0,  arrived at dest, 10, this call is done!, Elevator call,405.1821141,-1,10,3,0, Done, dt, 42.81788590000002
448.0,Elev,2,  arrived at src, 1, Elevator call,437.1711158,1,0,2,2
448.0, elevID,2,  pos,1,  cmd, goto,0
455.0,Elev,2,  arrived at dest, 0, this call is done!, Elevator call,437.1711158,1,0,3,2, Done, dt, 17.828884200000005
473.0,Elevator call,472.7445474,10,-1,1,0, got allocated to elevator, 0
473.0,Elev,0,  arrived at src, 10, Elevator call,472.7445474,10,-1,2,0
473.0, elevID,0,  pos,10,  cmd, goto,-1
494.0,Elev,0,  arrived at dest, -1, this call is done!, Elevator call,472.7445474,10,-1,3,0, Done, dt, 21.255452600000012
501.0,Elevator call,500.3712045,8,-1,1,0, got allocated to elevator, 0
501.0, elevID,0,  pos,-1,  cmd, goto,8
504.0,Elevator call,503.1384784,1,-1,1,2, got allocated to elevator, 2
504.0, elevID,2,  pos,0,  cmd, goto,1
505.0,Elevator call,504.4317942,0,-1,1,2, got allocated to elevator, 2
505.0, elevID,2,  pos,0,  cmd, stop,0
511.0,Elev,2,  arrived at src, 0, Elevator call,504.4317942,0,-1,2,2
511.0, elevID,2,  pos,0,  cmd, goto,1
518.0,Elev,2,  arrived at src, 1, Elevator call,503.1384784,1,-1,2,2
518.0, elevID,2,  pos,1,  cmd, goto,-1
520.0,Elev,0,  arrived at src, 8, Elevator call,500.3712045,8,-1,2,0
520.0, elevID,0,  pos,8,  cmd, goto,-1
525.0,Elev,2,  arrived at dest, -1, this call is done!, Elevator call,503.1384784,1,-1,3,2, Done, dt, 21.861521600000003
525.0,Elev,2,  arrived at dest, -1, this call is done!, Elevator call,504.4317942,0,-1,3,2, Done, dt, 20.568205799999987
530.0,Elevator call,529.6277472,3,-1,1,3, got allocated to elevator, 3
530.0, elevID,3,  pos,4,  cmd, goto,3
538.0,Elevator call,537.7866884,-1,6,1,4, got allocated to elevator, 4
538.0,Elev,4,  arrived at src, -1, Elevator call,537.7866884,-1,6,2,4
538.0, elevID,4,  pos,-1,  cmd, goto,6
539.0,Elev,0,  arrived at dest, -1, this call is done!, Elevator call,500.3712045,8,-1,3,0, Done, dt, 38.628795500000024
539.0,Elev,3,  arrived at src, 3, Elevator call,529.6277472,3,-1,2,3
539.0, elevID,3,  pos,3,  cmd, goto,-1
545.0,Elevator call,544.7880392,6,-1,1,4, got allocated to elevator, 4
548.0,Elev,3,  arrived at dest, -1, this call is done!, Elevator call,529.6277472,3,-1,3,3, Done, dt, 18.372252799999956
552.0,Elev,4,  arrived at dest, 6, this call is done!, Elevator call,537.7866884,-1,6,3,4, Done, dt, 14.213311599999997
552.0,Elev,4,  arrived at src, 6, Elevator call,544.7880392,6,-1,2,4
552.0, elevID,4,  pos,6,  cmd, goto,-1
555.0,Elevator call,554.0892923,4,0,1,3, got allocated to elevator, 3
555.0, elevID,3,  pos,-1,  cmd, goto,4
558.0,Elevator call,557.244139,10,0,1,0, got allocated to elevator, 0
558.0, elevID,0,  pos,-1,  cmd, goto,10
565.0,Elev,3,  arrived at src, 4, Elevator call,554.0892923,4,0,2,3
565.0, elevID,3,  pos,4,  cmd, goto,0
566.0,Elevator call,565.0195522,0,-1,1,2, got allocated to elevator, 2
566.0, elevID,2,  pos,-1,  cmd, goto,0
566.0,Elev,4,  arrived at dest, -1, this call is done!, Elevator call,544.7880392,6,-1,3,4, Done, dt, 21.211960800000043
573.0,Elev,2,  arrived at src, 0, Elevator call,565.0195522,0,-1,2,2
573.0, elevID,2,  pos,0,  cmd, goto,-1
574.0,Elev,3,  arrived at dest, 0, this call is done!, Elevator call,554.0892923,4,0,3,3, Done, dt, 19.91070769999999
579.0,Elev,0,  arrived at src, 10, Elevator call,557.244139,10,0,2,0
579.0, elevID,0,  pos,10,  cmd, goto,0
580.0,Elev,2,  arrived at dest, -1, this call is done!, Elevator call,565.0195522,0,-1,3,2, Done, dt, 14.980447799999979
582.0,Elevator call,581.870309,0,3,1,3, got allocated to elevator, 3
582.0,Elev,3,  arrived at src, 0, Elevator call,581.870309,0,3,2,3
582.0, elevID,3,  pos,0,  cmd, goto,3
591.0,Elev,3,  arrived at dest, 3, this call is done!, Elevator call,581.870309,0,3,3,3, Done, dt, 9.12969099999998
597.0,Elevator call,596.1232023,8,0,1,4, got allocated to elevator, 4
597.0, elevID,4,  pos,-1,  cmd, goto,8
599.0,Elev,0,  arrived at dest, 0, this call is done!, Elevator call,557.244139,10,0,3,0, Done, dt, 41.75586099999998
601.0,Elevator call,600.931288,1,0,1,2, got allocated to elevator, 2
601.0, elevID,2,  pos,-1,  cmd, goto,1
604.0,Elevator call,603.9342327,7,0,1,4, got allocated to elevator, 4
604.0, elevID,4,  pos,3,  cmd, stop,7
608.0,Elev,2,  arrived at src, 1, Elevator call,600.931288,1,0,2,2
608.0, elevID,2,  pos,1,  cmd, goto,0
611.0,Elev,4,  arrived at src, 7, Elevator call,603.9342327,7,0,2,4
611.0, elevID,4,  pos,7,  cmd, goto,8
615.0,Elev,2,  arrived at dest, 0, this call is done!, Elevator call,600.931288,1,0,3,2, Done, dt, 14.068712000000005
618.0,Elevator call,617.9628339,0,3,1,3, got allocated to elevator, 3
618.0, elevID,3,  pos,3,  cmd, goto,0
620.0,Elevator call,619.6454197,9,0,1,0, got allocated to elevator, 0
620.0, elevID,0,  pos,0,  cmd, goto,9
622.0,Elev,4,  arrived at src, 8, Elevator call,596.1232023,8,0,2,4
622.0, elevID,4,  pos,8,  cmd, goto,0
627.0,Elevator call,626.2116172,0,1,1,2, got allocated to elevator, 2
627.0,Elev,2,  arrived at src, 0, Elevator call,626.2116172,0,1,2,2
627.0, elevID,2,  pos,0,  cmd, goto,1
627.0,Elev,3,  arrived at src, 0, Elevator call,617.9628339,0,3,2,3
627.0, elevID,3,  pos,0,  cmd, goto,3
634.0,Elev,2,  arrived at dest, 1, this call is done!, Elevator call,626.2116172,0,1,3,2, Done, dt, 7.788382800000022
636.0,Elev,3,  arrived at dest, 3, this call is done!, Elevator call,617.9628339,0,3,3,3, Done, dt, 18.037166100000036
636.0,Elev,4,  arrived at dest, 0, this call is done!, Elevator call,596.1232023,8,0,3,4, Done, dt, 39.8767977
636.0,Elev,4,  arrived at dest, 0, this call is done!, Elevator call,603.9342327,7,0,3,4, Done, dt, 32.06576729999995
639.0,Elev,0,  arrived at src, 9, Elevator call,619.6454197,9,0,2,0
639.0, elevID,0,  pos,9,  cmd, goto,0
644.0,Elevator call,643.8547515,-1,2,1,3, got allocated to elevator, 3
644.0, elevID,3,  pos,3,  cmd, goto,-1
653.0,Elev,3,  arrived at src, -1, Elevator call,643.8547515,-1,2,2,3
653.0, elevID,3,  pos,-1,  cmd, goto,2
658.0,Elev,0,  arrived at dest, 0, this call is done!, Elevator call,619.6454197,9,0,3,0, Done, dt, 38.35458029999995
661.0,Elevator call,660.0732908,6,10,1,3, got allocated to elevator, 3
662.0,Elevator call,661.042082,-1,3,1,3, got allocated to elevator, 3
662.0,Elev,3,  arrived at dest, 2, this call is done!, Elevator call,643.8547515,-1,2,3,3, Done, dt, 18.14524849999998
662.0, elevID,3,  pos,2,  cmd, goto,6
663.0,Elevator call,662.1730528,-1,5,1,1, got allocated to elevator, 1
663.0, elevID,1,  pos,5,  cmd, goto,-1
666.0,Elevator call,665.1155549,-1,8,1,0, got allocated to elevator, 0
666.0, elevID,0,  pos,0,  cmd, goto,-1
667.0,Elevator call,666.0340295,4,0,1,3, got allocated to elevator, 3
667.0,Elevator call,666.2411587,5,-1,1,1, got allocated to elevator, 1
, elevID,1,  pos,5,  cmd, stop,5
671.0,Elev,3,  arrived at src, 6, Elevator call,660.0732908,6,10,2,3
671.0, elevID,3,  pos,6,  cmd, goto,10
673.0,Elevator call,672.6773142,0,-1,1,2, got allocated to elevator, 2
673.0,Elev,1,  arrived at src, 5, Elevator call,666.2411587,5,-1,2,1
673.0, elevID,1,  pos,5,  cmd, goto,-1
673.0, elevID,2,  pos,1,  cmd, goto,0
677.0,Elev,0,  arrived at src, -1, Elevator call,665.1155549,-1,8,2,0
677.0, elevID,0,  pos,-1,  cmd, goto,8
678.0,Elevator call,677.7341948,0,-1,1,2, got allocated to elevator, 2
679.0,Elevator call,678.9953585,-1,-2,1,2, got allocated to elevator, 2
680.0,Elev,2,  arrived at src, 0, Elevator call,672.6773142,0,-1,2,2
680.0,Elev,2,  arrived at src, 0, Elevator call,677.7341948,0,-1,2,2
680.0, elevID,2,  pos,0,  cmd, goto,-1
680.0,Elev,3,  arrived at dest, 10, this call is done!, Elevator call,660.0732908,6,10,3,3, Done, dt, 19.926709200000005
680.0, elevID,3,  pos,10,  cmd, goto,4
686.0,Elev,1,  arrived at src, -1, Elevator call,662.1730528,-1,5,2,1
686.0,Elev,1,  arrived at dest, -1, this call is done!, Elevator call,666.2411587,5,-1,3,1, Done, dt, 19.758841299999972
686.0, elevID,1,  pos,-1,  cmd, goto,5
687.0,Elev,2,  arrived at dest, -1, this call is done!, Elevator call,672.6773142,0,-1,3,2, Done, dt, 14.322685800000045
687.0,Elev,2,  arrived at dest, -1, this call is done!, Elevator call,677.7341948,0,-1,3,2, Done, dt, 9.265805200000045
687.0,Elev,2,  arrived at src, -1, Elevator call,678.9953585,-1,-2,2,2
687.0, elevID,2,  pos,-1,  cmd, goto,-2
690.0,Elev,3,  arrived at src, 4, Elevator call,666.0340295,4,0,2,3
690.0, elevID,3,  pos,4,  cmd, goto,0
694.0,Elev,2,  arrived at dest, -2, this call is done!, Elevator call,678.9953585,-1,-2,3,2, Done, dt, 15.004641500000048
696.0,Elevator call,695.2239882,0,10,1,0, got allocated to elevator, 0
696.0,Elev,0,  arrived at dest, 8, this call is done!, Elevator call,665.1155549,-1,8,3,0, Done, dt, 30.884445099999994
696.0, elevID,0,  pos,8,  cmd, goto,0
699.0,Elev,1,  arrived at dest, 5, this call is done!, Elevator call,662.1730528,-1,5,3,1, Done, dt, 36.82694719999995
699.0,Elev,3,  arrived at dest, 0, this call is done!, Elevator call,666.0340295,4,0,3,3, Done, dt, 32.965970500000026
699.0, elevID,3,  pos,0,  cmd, goto,-1
707.0,Elevator call,706.1583475,-1,-2,1,2, got allocated to elevator, 2
707.0, elevID,2,  pos,-2,  cmd, goto,-1
708.0,Elev,3,  arrived at src, -1, Elevator call,661.042082,-1,3,2,3
708.0, elevID,3,  pos,-1,  cmd, goto,3
711.0,Elevator call,710.324977,0,1,1,2, got allocated to elevator, 2
714.0,Elevator call,713.0191971,1,0,1,2, got allocated to elevator, 2
714.0,Elevator call,713.2499766,10,-1,1,0, got allocated to elevator, 0
714.0,Elev,0,  arrived at src, 0, Elevator call,695.2239882,0,10,2,0
714.0, elevID,0,  pos,0,  cmd, goto,10
714.0,Elev,2,  arrived at src, -1, Elevator call,706.1583475,-1,-2,2,2
714.0, elevID,2,  pos,-1,  cmd, goto,0
717.0,Elev,3,  arrived at dest, 3, this call is done!, Elevator call,661.042082,-1,3,3,3, Done, dt, 55.95791799999995
721.0,Elev,2,  arrived at src, 0, Elevator call,710.324977,0,1,2,2
721.0, elevID,2,  pos,0,  cmd, goto,1
723.0,Elevator call,722.6161213,10,0,1,0, got allocated to elevator, 0
728.0,Elevator call,727.5146029,-1,0,1,2, got allocated to elevator, 2
728.0,Elev,2,  arrived at dest, 1, this call is done!, Elevator call,710.324977,0,1,3,2, Done, dt, 17.67502300000001
728.0,Elev,2,  arrived at src, 1, Elevator call,713.0191971,1,0,2,2
728.0, elevID,2,  pos,1,  cmd, goto,0
733.0,Elevator call,732.9746341,6,-1,1,4, got allocated to elevator, 4
733.0, elevID,4,  pos,0,  cmd, goto,6
734.0,Elev,0,  arrived at dest, 10, this call is done!, Elevator call,695.2239882,0,10,3,0, Done, dt, 38.77601179999999
734.0,Elev,0,  arrived at src, 10, Elevator call,713.2499766,10,-1,2,0
734.0,Elev,0,  arrived at src, 10, Elevator call,722.6161213,10,0,2,0
734.0, elevID,0,  pos,10,  cmd, goto,0
735.0,Elev,2,  arrived at dest, 0, this call is done!, Elevator call,713.0191971,1,0,3,2, Done, dt, 21.980802899999958
735.0, elevID,2,  pos,0,  cmd, goto,-1
738.0,Elevator call,737.3147202,1,0,1,2, got allocated to elevator, 2
742.0,Elev,2,  arrived at src, -1, Elevator call,727.5146029,-1,0,2,2
742.0, elevID,2,  pos,-1,  cmd, goto,-2
746.0,Elev,4,  arrived at src, 6, Elevator call,732.9746341,6,-1,2,4
746.0, elevID,4,  pos,6,  cmd, goto,-1
749.0,Elev,2,  arrived at dest, -2, this call is done!, Elevator call,706.1583475,-1,-2,3,2, Done, dt, 42.84165250000001
749.0, elevID,2,  pos,-2,  cmd, goto,0
754.0,Elev,0,  arrived at dest, 0, this call is done!, Elevator call,722.6161213,10,0,3,0, Done, dt, 31.38387869999997
754.0, elevID,0,  pos,0,  cmd, goto,-1
756.0,Elev,2,  arrived at dest, 0, this call is done!, Elevator call,727.5146029,-1,0,3,2, Done, dt, 28.4853971
756.0, elevID,2,  pos,0,  cmd, goto,1
760.0,Elev,4,  arrived at dest, -1, this call is done!, Elevator call,732.9746341,6,-1,3,4, Done, dt, 27.025365899999997
763.0,Elev,2,  arrived at src, 1, Elevator call,737.3147202,1,0,2,2
763.0, elevID,2,  pos,1,  cmd, goto,0
765.0,Elev,0,  arrived at dest, -1, this call is done!, Elevator call,713.2499766,10,-1,3,0, Done, dt, 51.75002340000003
770.0,Elev,2,  arrived at dest, 0, this call is done!, Elevator call,737.3147202,1,0,3,2, Done, dt, 32.68527979999999
780.0,Elevator call,779.3996914,-1,5,1,1, got allocated to elevator, 1
780.0, elevID,1,  pos,5,  cmd, goto,-1
793.0,Elev,1,  arrived at src, -1, Elevator call,779.3996914,-1,5,2,1
793.0, elevID,1,  pos,-1,  cmd, goto,5
806.0,Elevator call,805.6754743,-1,-2,1,2, got allocated to elevator, 2
806.0,Elev,1,  arrived at dest, 5, this call is done!, Elevator call,779.3996914,-1,5,3,1, Done, dt, 26.60030859999995
806.0, elevID,2,  pos,0,  cmd, goto,-1
811.0,Elevator call,810.4469089,2,0,1,2, got allocated to elevator, 2
813.0,Elev,2,  arrived at src, -1, Elevator call,805.6754743,-1,-2,2,2
813.0, elevID,2,  pos,-1,  cmd, goto,-2
817.0,Elevator call,816.1516998,7,-1,1,4, got allocated to elevator, 4
817.0, elevID,4,  pos,-1,  cmd, goto,7
820.0,Elev,2,  arrived at dest, -2, this call is done!, Elevator call,805.6754743,-1,-2,3,2, Done, dt, 14.324525699999981
820.0, elevID,2,  pos,-2,  cmd, goto,2
826.0,Elevator call,825.4575185,7,0,1,4, got allocated to elevator, 4
827.0,Elev,2,  arrived at src, 2, Elevator call,810.4469089,2,0,2,2
827.0, elevID,2,  pos,2,  cmd, goto,0
831.0,Elev,4,  arrived at src, 7, Elevator call,816.1516998,7,-1,2,4
831.0,Elev,4,  arrived at src, 7, Elevator call,825.4575185,7,0,2,4
831.0, elevID,4,  pos,7,  cmd, goto,0
834.0,Elev,2,  arrived at dest, 0, this call is done!, Elevator call,810.4469089,2,0,3,2, Done, dt, 23.55309109999996
840.0,Elevator call,839.8525653,0,1,1,2, got allocated to elevator, 2
840.0,Elev,2,  arrived at src, 0, Elevator call,839.8525653,0,1,2,2
840.0, elevID,2,  pos,0,  cmd, goto,1
845.0,Elev,4,  arrived at dest, 0, this call is done!, Elevator call,825.4575185,7,0,3,4, Done, dt, 19.542481500000008
845.0, elevID,4,  pos,0,  cmd, goto,-1
847.0,Elev,2,  arrived at dest, 1, this call is done!, Elevator call,839.8525653,0,1,3,2, Done, dt, 7.1474346999999625
855.0,Elevator call,854.2002278,6,-1,1,4, got allocated to elevator, 4
856.0,Elev,4,  arrived at dest, -1, this call is done!, Elevator call,816.1516998,7,-1,3,4, Done, dt, 39.84830020000004
856.0, elevID,4,  pos,-1,  cmd, goto,6
864.0,Elevator call,863.8932913,0,-1,1,2, got allocated to elevator, 2
864.0, elevID,2,  pos,1,  cmd, goto,0
870.0,Elev,4,  arrived at src, 6, Elevator call,854.2002278,6,-1,2,4
870.0, elevID,4,  pos,6,  cmd, goto,-1
871.0,Elevator call,870.5053024,0,7,1,4, got allocated to elevator, 4
871.0,Elev,2,  arrived at src, 0, Elevator call,863.8932913,0,-1,2,2
871.0, elevID,2,  pos,0,  cmd, goto,-1
, elevID,4,  pos,6,  cmd, stop,0
878.0,Elev,2,  arrived at dest, -1, this call is done!, Elevator call,863.8932913,0,-1,3,2, Done, dt, 14.106708700000013
883.0,Elev,4,  arrived at src, 0, Elevator call,870.5053024,0,7,2,4
883.0, elevID,4,  pos,0,  cmd, goto,-1
887.0,Elevator call,886.5649993,-1,-2,1,2, got allocated to elevator, 2
887.0,Elev,2,  arrived at src, -1, Elevator call,886.5649993,-1,-2,2,2
887.0, elevID,2,  pos,-1,  cmd, goto,-2
893.0,Elevator call,892.5212151,9,-1,1,0, got allocated to elevator, 0
893.0, elevID,0,  pos,-1,  cmd, goto,9
894.0,Elev,2,  arrived at dest, -2, this call is done!, Elevator call,886.5649993,-1,-2,3,2, Done, dt, 7.435000700000046
894.0,Elev,4,  arrived at dest, -1, this call is done!, Elevator call,854.2002278,6,-1,3,4, Done, dt, 39.79977220000001
894.0, elevID,4,  pos,-1,  cmd, goto,7
908.0,Elev,4,  arrived at dest, 7, this call is done!, Elevator call,870.5053024,0,7,3,4, Done, dt, 37.494697599999995
911.0,Elevator call,910.5388559,6,5,1,2, got allocated to elevator, 2
911.0, elevID,2,  pos,-2,  cmd, goto,6
913.0,Elev,0,  arrived at src, 9, Elevator call,892.5212151,9,-1,2,0
913.0, elevID,0,  pos,9,  cmd, goto,-1
916.0,Elevator call,915.9490575,4,-1,1,1, got allocated to elevator, 1
916.0, elevID,1,  pos,5,  cmd, goto,4
919.0,Elev,2,  arrived at src, 6, Elevator call,910.5388559,6,5,2,2
919.0, elevID,2,  pos,6,  cmd, goto,5
926.0,Elev,2,  arrived at dest, 5, this call is done!, Elevator call,910.5388559,6,5,3,2, Done, dt, 15.461144099999956
927.0,Elev,1,  arrived at src, 4, Elevator call,915.9490575,4,-1,2,1
927.0, elevID,1,  pos,4,  cmd, goto,-1
933.0,Elev,0,  arrived at dest, -1, this call is done!, Elevator call,892.5212151,9,-1,3,0, Done, dt, 40.47878490000005
934.0,Elevator call,933.8580452,7,5,1,2, got allocated to elevator, 2
934.0, elevID,2,  pos,5,  cmd, goto,7
940.0,Elev,1,  arrived at dest, -1, this call is done!, Elevator call,915.9490575,4,-1,3,1, Done, dt, 24.05094250000002
941.0,Elev,2,  arrived at src, 7, Elevator call,933.8580452,7,5,2,2
941.0, elevID,2,  pos,7,  cmd, goto,5
948.0,Elev,2,  arrived at dest, 5, this call is done!, Elevator call,933.8580452,7,5,3,2, Done, dt, 14.141954800000008
962.0,Elevator call,961.6862856,6,-1,1,4, got allocated to elevator, 4
962.0, elevID,4,  pos,7,  cmd, goto,6
973.0,Elevator call,972.8032126,1,0,1,2, got allocated to elevator, 2
973.0, elevID,2,  pos,5,  cmd, goto,1
973.0,Elev,4,  arrived at src, 6, Elevator call,961.6862856,6,-1,2,4
973.0, elevID,4,  pos,6,  cmd, goto,-1
976.0,Elevator call,975.8361203,0,-1,1,2, got allocated to elevator, 2
979.0,Elevator call,978.5925149,10,0,1,0, got allocated to elevator, 0
979.0,Elevator call,978.6210501,10,-1,1,0, got allocated to elevator, 0
979.0, elevID,0,  pos,-1,  cmd, goto,10
980.0,Elev,2,  arrived at src, 1, Elevator call,972.8032126,1,0,2,2
980.0, elevID,2,  pos,1,  cmd, goto,0
985.0,Elevator call,984.1840186,7,0,1,4, got allocated to elevator, 4
987.0,Elev,2,  arrived at dest, 0, this call is done!, Elevator call,972.8032126,1,0,3,2, Done, dt, 14.196787399999948
987.0,Elev,2,  arrived at src, 0, Elevator call,975.8361203,0,-1,2,2
987.0, elevID,2,  pos,0,  cmd, goto,-1
987.0,Elev,4,  arrived at dest, -1, this call is done!, Elevator call,961.6862856,6,-1,3,4, Done, dt, 25.31371439999998
987.0, elevID,4,  pos,-1,  cmd, goto,7
994.0,Elev,2,  arrived at dest, -1, this call is done!, Elevator call,975.8361203,0,-1,3,2, Done, dt, 18.163879700000052
1000.0,Elev,0,  arrived at src, 10, Elevator call,978.5925149,10,0,2,0
1000.0,Elev,0,  arrived at src, 10, Elevator call,978.6210501,10,-1,2,0
1000.0, elevID,0,  pos,10,  cmd, goto,0
1001.0,Elev,4,  arrived at src, 7, Elevator call,984.1840186,7,0,2,4
1001.0, elevID,4,  pos,7,  cmd, goto,0
1015.0,Elev,4,  arrived at dest, 0, this call is done!, Elevator call,984.1840186,7,0,3,4, Done, dt, 30.815981400000055
1020.0,Elev,0,  arrived at dest, 0, this call is done!, Elevator call,978.5925149,10,0,3,0, Done, dt, 41.40748510000003
1020.0, elevID,0,  pos,0,  cmd, goto,-1
1031.0,Elev,0,  arrived at dest, -1, this call is done!, Elevator call,978.6210501,10,-1,3,0, Done, dt, 52.37894989999995
1032.0,************* Simulation Ended ************
Code Owners,212487292,324205160,  Building_file,data/Ex1_input/Ex1_Buildings/B4.json,  Calls,out/Ex1_B4_case_a.csv
Total waiting time: 2214.0,  average waiting time per call: 22.14,  unCompleted calls,0,  certificate, -50387022
