Ex1 (OOP) Simulator log: stage data/Ex1_input/Ex1_Buildings/B3.json,  out/Ex1_B3_case_a.csv
0.0,OOP_Ex1_Elevator_Simulator
0.0,Simulated Building, Building [-10,100]
0) ex1.Elevator_A, Elev_, id,0,  speed, 3.0, open: 2.0,  start: 3.0, close: 2.0,  stop: 3.0
1) ex1.Elevator_A, Elev_, id,1,  speed, 7.0, open: 1.4285714285714286,  start: 2.142857142857143, close: 1.4285714285714286,  stop: 2.142857142857143

0.0,Simulated Period starTime,0.0,  endTime,1104.1840186,  dt,1.0
0.0,Simulated  calls,Elevator log, size: 100
0.0,**** Simulation starts!! ****
5.0,Elevator call,4.37472729,0,-1,1,1, got allocated to elevator, 1
5.0,Elev,1,  arrived at src, 0, Elevator call,4.37472729,0,-1,2,1
5.0, elevID,1,  pos,0,  cmd, goto,-1
13.0,Elev,1,  arrived at dest, -1, this call is done!, Elevator call,4.37472729,0,-1,3,1, Done, dt, 8.62527271
17.0,Elevator call,16.95788289,-1,0,1,1, got allocated to elevator, 1
17.0,Elev,1,  arrived at src, -1, Elevator call,16.95788289,-1,0,2,1
17.0, elevID,1,  pos,-1,  cmd, goto,0
23.0,Elevator call,22.0940563,0,-1,1,1, got allocated to elevator, 1
25.0,Elev,1,  arrived at dest, 0, this call is done!, Elevator call,16.95788289,-1,0,3,1, Done, dt, 8.04211711
25.0,Elev,1,  arrived at src, 0, Elevator call,22.0940563,0,-1,2,1
25.0, elevID,1,  pos,0,  cmd, goto,-1
33.0,Elev,1,  arrived at dest, -1, this call is done!, Elevator call,22.0940563,0,-1,3,1, Done, dt, 10.905943700000002
86.0,Elevator call,85.52096662,3,2,1,1, got allocated to elevator, 1
86.0, elevID,1,  pos,-1,  cmd, goto,3
92.0,Elevator call,91.21019413,-1,-2,1,1, got allocated to elevator, 1
94.0,Elev,1,  arrived at src, 3, Elevator call,85.52096662,3,2,2,1
94.0, elevID,1,  pos,3,  cmd, goto,2
102.0,Elev,1,  arrived at dest, 2, this call is done!, Elevator call,85.52096662,3,2,3,1, Done, dt, 16.479033380000004
102.0, elevID,1,  pos,2,  cmd, goto,-1
105.0,Elevator call,104.1370124,0,4,1,1, got allocated to elevator, 1
, elevID,1,  pos,2,  cmd, stop,0
110.0,Elevator call,109.2135291,-1,0,1,1, got allocated to elevator, 1
110.0,Elev,1,  arrived at src, 0, Elevator call,104.1370124,0,4,2,1
110.0, elevID,1,  pos,0,  cmd, goto,-1
115.0,Elevator call,114.392351,3,0,1,1, got allocated to elevator, 1
118.0,Elev,1,  arrived at src, -1, Elevator call,91.21019413,-1,-2,2,1
118.0,Elev,1,  arrived at src, -1, Elevator call,109.2135291,-1,0,2,1
118.0, elevID,1,  pos,-1,  cmd, goto,-2
125.0,Elevator call,124.425571,0,9,1,0, got allocated to elevator, 0
125.0,Elev,0,  arrived at src, 0, Elevator call,124.425571,0,9,2,0
125.0, elevID,0,  pos,0,  cmd, goto,9
126.0,Elev,1,  arrived at dest, -2, this call is done!, Elevator call,91.21019413,-1,-2,3,1, Done, dt, 34.789805869999995
126.0, elevID,1,  pos,-2,  cmd, goto,0
131.0,Elevator call,130.0249568,8,10,1,1, got allocated to elevator, 1
131.0,Elevator call,130.2249113,-1,1,1,1, got allocated to elevator, 1
134.0,Elev,1,  arrived at dest, 0, this call is done!, Elevator call,109.2135291,-1,0,3,1, Done, dt, 24.786470899999998
134.0, elevID,1,  pos,0,  cmd, goto,3
138.0,Elevator call,137.9515274,0,4,1,1, got allocated to elevator, 1
138.0,Elev,0,  arrived at dest, 9, this call is done!, Elevator call,124.425571,0,9,3,0, Done, dt, 13.574428999999995
142.0,Elev,1,  arrived at src, 3, Elevator call,114.392351,3,0,2,1
142.0, elevID,1,  pos,3,  cmd, goto,4
144.0,Elevator call,143.9133584,0,6,1,0, got allocated to elevator, 0
144.0, elevID,0,  pos,9,  cmd, goto,0
150.0,Elev,1,  arrived at dest, 4, this call is done!, Elevator call,104.1370124,0,4,3,1, Done, dt, 45.8629876
150.0, elevID,1,  pos,4,  cmd, goto,8
157.0,Elev,0,  arrived at src, 0, Elevator call,143.9133584,0,6,2,0
157.0, elevID,0,  pos,0,  cmd, goto,6
158.0,Elev,1,  arrived at src, 8, Elevator call,130.0249568,8,10,2,1
158.0, elevID,1,  pos,8,  cmd, goto,10
166.0,Elev,1,  arrived at dest, 10, this call is done!, Elevator call,130.0249568,8,10,3,1, Done, dt, 35.97504319999999
166.0, elevID,1,  pos,10,  cmd, goto,0
169.0,Elev,0,  arrived at dest, 6, this call is done!, Elevator call,143.9133584,0,6,3,0, Done, dt, 25.086641600000007
170.0,Elevator call,169.7845834,-1,0,1,1, got allocated to elevator, 1
171.0,Elevator call,170.0099621,0,6,1,0, got allocated to elevator, 0
171.0, elevID,0,  pos,6,  cmd, goto,0
172.0,Elevator call,171.2117332,-1,8,1,0, got allocated to elevator, 0
175.0,Elevator call,174.8438515,0,-1,1,1, got allocated to elevator, 1
175.0,Elev,1,  arrived at dest, 0, this call is done!, Elevator call,114.392351,3,0,3,1, Done, dt, 60.607648999999995
175.0,Elev,1,  arrived at src, 0, Elevator call,137.9515274,0,4,2,1
175.0,Elev,1,  arrived at src, 0, Elevator call,174.8438515,0,-1,2,1
175.0, elevID,1,  pos,0,  cmd, goto,-1
183.0,Elev,0,  arrived at src, 0, Elevator call,170.0099621,0,6,2,0
183.0, elevID,0,  pos,0,  cmd, goto,-1
183.0,Elev,1,  arrived at src, -1, Elevator call,130.2249113,-1,1,2,1
183.0,Elev,1,  arrived at src, -1, Elevator call,169.7845834,-1,0,2,1
183.0,Elev,1,  arrived at dest, -1, this call is done!, Elevator call,174.8438515,0,-1,3,1, Done, dt, 8.1561485
183.0, elevID,1,  pos,-1,  cmd, goto,0
188.0,Elevator call,187.1167862,-1,-2,1,1, got allocated to elevator, 1
188.0,Elevator call,187.7299318,-1,-2,1,1, got allocated to elevator, 1
191.0,Elev,1,  arrived at dest, 0, this call is done!, Elevator call,169.7845834,-1,0,3,1, Done, dt, 21.215416599999998
191.0, elevID,1,  pos,0,  cmd, goto,1
194.0,Elev,0,  arrived at src, -1, Elevator call,171.2117332,-1,8,2,0
194.0, elevID,0,  pos,-1,  cmd, goto,6
196.0,Elevator call,195.9086965,0,7,1,0, got allocated to elevator, 0
196.0, elevID,0,  pos,-1,  cmd, stop,0
198.0,Elevator call,197.5359191,-1,1,1,1, got allocated to elevator, 1
199.0,Elev,1,  arrived at dest, 1, this call is done!, Elevator call,130.2249113,-1,1,3,1, Done, dt, 68.7750887
199.0, elevID,1,  pos,1,  cmd, goto,4
205.0,Elev,0,  arrived at src, 0, Elevator call,195.9086965,0,7,2,0
205.0, elevID,0,  pos,0,  cmd, goto,6
206.0,Elevator call,205.9895199,-1,0,1,1, got allocated to elevator, 1
207.0,Elev,1,  arrived at dest, 4, this call is done!, Elevator call,137.9515274,0,4,3,1, Done, dt, 69.0484726
207.0, elevID,1,  pos,4,  cmd, goto,-1
215.0,Elev,1,  arrived at src, -1, Elevator call,187.1167862,-1,-2,2,1
215.0,Elev,1,  arrived at src, -1, Elevator call,187.7299318,-1,-2,2,1
215.0,Elev,1,  arrived at src, -1, Elevator call,197.5359191,-1,1,2,1
215.0,Elev,1,  arrived at src, -1, Elevator call,205.9895199,-1,0,2,1
215.0, elevID,1,  pos,-1,  cmd, goto,-2
217.0,Elev,0,  arrived at dest, 6, this call is done!, Elevator call,170.0099621,0,6,3,0, Done, dt, 46.990037900000004
217.0, elevID,0,  pos,6,  cmd, goto,7
223.0,Elev,1,  arrived at dest, -2, this call is done!, Elevator call,187.1167862,-1,-2,3,1, Done, dt, 35.88321379999999
223.0,Elev,1,  arrived at dest, -2, this call is done!, Elevator call,187.7299318,-1,-2,3,1, Done, dt, 35.2700682
223.0, elevID,1,  pos,-2,  cmd, goto,0
228.0,Elevator call,227.0798305,-1,5,1,0, got allocated to elevator, 0
228.0,Elev,0,  arrived at dest, 7, this call is done!, Elevator call,195.9086965,0,7,3,0, Done, dt, 32.09130350000001
228.0, elevID,0,  pos,7,  cmd, goto,8
231.0,Elev,1,  arrived at dest, 0, this call is done!, Elevator call,205.9895199,-1,0,3,1, Done, dt, 25.010480099999995
231.0, elevID,1,  pos,0,  cmd, goto,1
232.0,Elevator call,231.5157882,-1,0,1,1, got allocated to elevator, 1
233.0,Elevator call,232.9504362,0,-1,1,1, got allocated to elevator, 1
233.0, elevID,1,  pos,0,  cmd, stop,0
239.0,Elev,0,  arrived at dest, 8, this call is done!, Elevator call,171.2117332,-1,8,3,0, Done, dt, 67.7882668
239.0, elevID,0,  pos,8,  cmd, goto,-1
239.0,Elev,1,  arrived at src, 0, Elevator call,232.9504362,0,-1,2,1
239.0, elevID,1,  pos,0,  cmd, goto,1
247.0,Elev,1,  arrived at dest, 1, this call is done!, Elevator call,197.5359191,-1,1,3,1, Done, dt, 49.4640809
247.0, elevID,1,  pos,1,  cmd, goto,-1
252.0,Elevator call,251.1044469,-1,-2,1,1, got allocated to elevator, 1
252.0,Elevator call,251.2359335,0,9,1,0, got allocated to elevator, 0
252.0,Elev,0,  arrived at src, -1, Elevator call,227.0798305,-1,5,2,0
252.0, elevID,0,  pos,-1,  cmd, goto,0
255.0,Elevator call,254.6977153,3,4,1,1, got allocated to elevator, 1
255.0,Elev,1,  arrived at src, -1, Elevator call,231.5157882,-1,0,2,1
255.0,Elev,1,  arrived at dest, -1, this call is done!, Elevator call,232.9504362,0,-1,3,1, Done, dt, 22.049563799999987
255.0,Elev,1,  arrived at src, -1, Elevator call,251.1044469,-1,-2,2,1
255.0, elevID,1,  pos,-1,  cmd, goto,-2
258.0,Elevator call,257.7974435,-1,0,1,1, got allocated to elevator, 1
, elevID,1,  pos,-1,  cmd, stop,-1
263.0,Elev,0,  arrived at src, 0, Elevator call,251.2359335,0,9,2,0
263.0, elevID,0,  pos,0,  cmd, goto,5
263.0,Elev,1,  arrived at src, -1, Elevator call,257.7974435,-1,0,2,1
263.0, elevID,1,  pos,-1,  cmd, goto,-2
271.0,Elev,1,  arrived at dest, -2, this call is done!, Elevator call,251.1044469,-1,-2,3,1, Done, dt, 19.8955531
271.0, elevID,1,  pos,-2,  cmd, goto,0
275.0,Elev,0,  arrived at dest, 5, this call is done!, Elevator call,227.0798305,-1,5,3,0, Done, dt, 47.920169499999986
275.0, elevID,0,  pos,5,  cmd, goto,9
279.0,Elev,1,  arrived at dest, 0, this call is done!, Elevator call,231.5157882,-1,0,3,1, Done, dt, 47.4842118
279.0,Elev,1,  arrived at dest, 0, this call is done!, Elevator call,257.7974435,-1,0,3,1, Done, dt, 21.202556500000014
279.0, elevID,1,  pos,0,  cmd, goto,3
287.0,Elev,0,  arrived at dest, 9, this call is done!, Elevator call,251.2359335,0,9,3,0, Done, dt, 35.76406650000001
287.0,Elev,1,  arrived at src, 3, Elevator call,254.6977153,3,4,2,1
287.0, elevID,1,  pos,3,  cmd, goto,4
295.0,Elev,1,  arrived at dest, 4, this call is done!, Elevator call,254.6977153,3,4,3,1, Done, dt, 40.3022847
296.0,Elevator call,295.7943357,0,1,1,1, got allocated to elevator, 1
296.0, elevID,1,  pos,4,  cmd, goto,0
304.0,Elev,1,  arrived at src, 0, Elevator call,295.7943357,0,1,2,1
304.0, elevID,1,  pos,0,  cmd, goto,1
305.0,Elevator call,304.9984388,6,0,1,0, got allocated to elevator, 0
305.0, elevID,0,  pos,9,  cmd, goto,6
310.0,Elevator call,309.3005383,0,-1,1,1, got allocated to elevator, 1
312.0,Elev,1,  arrived at dest, 1, this call is done!, Elevator call,295.7943357,0,1,3,1, Done, dt, 16.205664300000024
312.0, elevID,1,  pos,1,  cmd, goto,0
313.0,Elevator call,312.3018556,0,-1,1,1, got allocated to elevator, 1
316.0,Elev,0,  arrived at src, 6, Elevator call,304.9984388,6,0,2,0
316.0, elevID,0,  pos,6,  cmd, goto,0
317.0,Elevator call,316.0323783,0,-1,1,1, got allocated to elevator, 1
320.0,Elevator call,319.905202,6,5,1,1, got allocated to elevator, 1
320.0,Elev,1,  arrived at src, 0, Elevator call,309.3005383,0,-1,2,1
320.0,Elev,1,  arrived at src, 0, Elevator call,312.3018556,0,-1,2,1
320.0,Elev,1,  arrived at src, 0, Elevator call,316.0323783,0,-1,2,1
320.0, elevID,1,  pos,0,  cmd, goto,-1
321.0,Elevator call,320.9760749,-1,0,1,1, got allocated to elevator, 1
322.0,Elevator call,321.370409,7,-1,1,0, got allocated to elevator, 0
328.0,Elev,0,  arrived at dest, 0, this call is done!, Elevator call,304.9984388,6,0,3,0, Done, dt, 23.001561200000026
328.0, elevID,0,  pos,0,  cmd, goto,7
328.0,Elev,1,  arrived at dest, -1, this call is done!, Elevator call,309.3005383,0,-1,3,1, Done, dt, 18.699461699999972
328.0,Elev,1,  arrived at dest, -1, this call is done!, Elevator call,312.3018556,0,-1,3,1, Done, dt, 15.69814439999999
328.0,Elev,1,  arrived at dest, -1, this call is done!, Elevator call,316.0323783,0,-1,3,1, Done, dt, 11.967621699999995
328.0,Elev,1,  arrived at src, -1, Elevator call,320.9760749,-1,0,2,1
328.0, elevID,1,  pos,-1,  cmd, goto,0
333.0,Elevator call,332.4267319,0,10,1,0, got allocated to elevator, 0
333.0, elevID,0,  pos,0,  cmd, stop,0
336.0,Elev,1,  arrived at dest, 0, this call is done!, Elevator call,320.9760749,-1,0,3,1, Done, dt, 15.023925099999985
336.0, elevID,1,  pos,0,  cmd, goto,6
337.0,Elevator call,336.9304305,-1,0,1,1, got allocated to elevator, 1
338.0,Elev,0,  arrived at src, 0, Elevator call,332.4267319,0,10,2,0
338.0, elevID,0,  pos,0,  cmd, goto,7
344.0,Elev,1,  arrived at src, 6, Elevator call,319.905202,6,5,2,1
344.0, elevID,1,  pos,6,  cmd, goto,5
351.0,Elev,0,  arrived at src, 7, Elevator call,321.370409,7,-1,2,0
351.0, elevID,0,  pos,7,  cmd, goto,10
352.0,Elev,1,  arrived at dest, 5, this call is done!, Elevator call,319.905202,6,5,3,1, Done, dt, 32.094798000000026
352.0, elevID,1,  pos,5,  cmd, goto,-1
360.0,Elev,1,  arrived at src, -1, Elevator call,336.9304305,-1,0,2,1
360.0, elevID,1,  pos,-1,  cmd, goto,0
362.0,Elev,0,  arrived at dest, 10, this call is done!, Elevator call,332.4267319,0,10,3,0, Done, dt, 29.573268100000007
362.0, elevID,0,  pos,10,  cmd, goto,-1
368.0,Elev,1,  arrived at dest, 0, this call is done!, Elevator call,336.9304305,-1,0,3,1, Done, dt, 31.0695695
376.0,Elevator call,375.490481,1,0,1,1, got allocated to elevator, 1
376.0,Elev,0,  arrived at dest, -1, this call is done!, Elevator call,321.370409,7,-1,3,0, Done, dt, 54.629591000000005
376.0, elevID,1,  pos,0,  cmd, goto,1
384.0,Elev,1,  arrived at src, 1, Elevator call,375.490481,1,0,2,1
384.0, elevID,1,  pos,1,  cmd, goto,0
392.0,Elev,1,  arrived at dest, 0, this call is done!, Elevator call,375.490481,1,0,3,1, Done, dt, 16.50951900000001
393.0,Elevator call,392.5160765,0,5,1,1, got allocated to elevator, 1
393.0,Elev,1,  arrived at src, 0, Elevator call,392.5160765,0,5,2,1
393.0, elevID,1,  pos,0,  cmd, goto,5
401.0,Elev,1,  arrived at dest, 5, this call is done!, Elevator call,392.5160765,0,5,3,1, Done, dt, 8.483923500000003
406.0,Elevator call,405.1821141,-1,10,1,0, got allocated to elevator, 0
406.0,Elev,0,  arrived at src, -1, Elevator call,405.1821141,-1,10,2,0
406.0, elevID,0,  pos,-1,  cmd, goto,10
420.0,Elev,0,  arrived at dest, 10, this call is done!, Elevator call,405.1821141,-1,10,3,0, Done, dt, 14.817885900000022
427.0,Elevator call,426.8615805,2,0,1,1, got allocated to elevator, 1
427.0, elevID,1,  pos,5,  cmd, goto,2
435.0,Elev,1,  arrived at src, 2, Elevator call,426.8615805,2,0,2,1
435.0, elevID,1,  pos,2,  cmd, goto,0
438.0,Elevator call,437.1711158,1,0,1,1, got allocated to elevator, 1
, elevID,1,  pos,2,  cmd, stop,1
443.0,Elev,1,  arrived at src, 1, Elevator call,437.1711158,1,0,2,1
443.0, elevID,1,  pos,1,  cmd, goto,0
451.0,Elev,1,  arrived at dest, 0, this call is done!, Elevator call,426.8615805,2,0,3,1, Done, dt, 24.138419499999998
451.0,Elev,1,  arrived at dest, 0, this call is done!, Elevator call,437.1711158,1,0,3,1, Done, dt, 13.828884200000005
473.0,Elevator call,472.7445474,10,-1,1,0, got allocated to elevator, 0
473.0,Elev,0,  arrived at src, 10, Elevator call,472.7445474,10,-1,2,0
473.0, elevID,0,  pos,10,  cmd, goto,-1
487.0,Elev,0,  arrived at dest, -1, this call is done!, Elevator call,472.7445474,10,-1,3,0, Done, dt, 14.255452600000012
501.0,Elevator call,500.3712045,8,-1,1,0, got allocated to elevator, 0
501.0, elevID,0,  pos,-1,  cmd, goto,8
504.0,Elevator call,503.1384784,1,-1,1,1, got allocated to elevator, 1
504.0, elevID,1,  pos,0,  cmd, goto,1
505.0,Elevator call,504.4317942,0,-1,1,1, got allocated to elevator, 1
505.0, elevID,1,  pos,0,  cmd, stop,0
512.0,Elev,1,  arrived at src, 0, Elevator call,504.4317942,0,-1,2,1
512.0, elevID,1,  pos,0,  cmd, goto,1
514.0,Elev,0,  arrived at src, 8, Elevator call,500.3712045,8,-1,2,0
514.0, elevID,0,  pos,8,  cmd, goto,-1
520.0,Elev,1,  arrived at src, 1, Elevator call,503.1384784,1,-1,2,1
520.0, elevID,1,  pos,1,  cmd, goto,-1
527.0,Elev,0,  arrived at dest, -1, this call is done!, Elevator call,500.3712045,8,-1,3,0, Done, dt, 26.628795500000024
528.0,Elev,1,  arrived at dest, -1, this call is done!, Elevator call,503.1384784,1,-1,3,1, Done, dt, 24.861521600000003
528.0,Elev,1,  arrived at dest, -1, this call is done!, Elevator call,504.4317942,0,-1,3,1, Done, dt, 23.568205799999987
530.0,Elevator call,529.6277472,3,-1,1,1, got allocated to elevator, 1
530.0, elevID,1,  pos,-1,  cmd, goto,3
538.0,Elevator call,537.7866884,-1,6,1,0, got allocated to elevator, 0
538.0,Elev,0,  arrived at src, -1, Elevator call,537.7866884,-1,6,2,0
538.0, elevID,0,  pos,-1,  cmd, goto,6
538.0,Elev,1,  arrived at src, 3, Elevator call,529.6277472,3,-1,2,1
538.0, elevID,1,  pos,3,  cmd, goto,-1
545.0,Elevator call,544.7880392,6,-1,1,0, got allocated to elevator, 0
546.0,Elev,1,  arrived at dest, -1, this call is done!, Elevator call,529.6277472,3,-1,3,1, Done, dt, 16.372252799999956
551.0,Elev,0,  arrived at dest, 6, this call is done!, Elevator call,537.7866884,-1,6,3,0, Done, dt, 13.213311599999997
551.0,Elev,0,  arrived at src, 6, Elevator call,544.7880392,6,-1,2,0
551.0, elevID,0,  pos,6,  cmd, goto,-1
555.0,Elevator call,554.0892923,4,0,1,1, got allocated to elevator, 1
555.0, elevID,1,  pos,-1,  cmd, goto,4
558.0,Elevator call,557.244139,10,0,1,0, got allocated to elevator, 0
563.0,Elev,1,  arrived at src, 4, Elevator call,554.0892923,4,0,2,1
563.0, elevID,1,  pos,4,  cmd, goto,0
564.0,Elev,0,  arrived at dest, -1, this call is done!, Elevator call,544.7880392,6,-1,3,0, Done, dt, 19.211960800000043
564.0, elevID,0,  pos,-1,  cmd, goto,10
566.0,Elevator call,565.0195522,0,-1,1,1, got allocated to elevator, 1
571.0,Elev,1,  arrived at dest, 0, this call is done!, Elevator call,554.0892923,4,0,3,1, Done, dt, 16.91070769999999
571.0,Elev,1,  arrived at src, 0, Elevator call,565.0195522,0,-1,2,1
571.0, elevID,1,  pos,0,  cmd, goto,-1
578.0,Elev,0,  arrived at src, 10, Elevator call,557.244139,10,0,2,0
578.0, elevID,0,  pos,10,  cmd, goto,0
579.0,Elev,1,  arrived at dest, -1, this call is done!, Elevator call,565.0195522,0,-1,3,1, Done, dt, 13.980447799999979
582.0,Elevator call,581.870309,0,3,1,1, got allocated to elevator, 1
582.0, elevID,1,  pos,-1,  cmd, goto,0
590.0,Elev,1,  arrived at src, 0, Elevator call,581.870309,0,3,2,1
590.0, elevID,1,  pos,0,  cmd, goto,3
592.0,Elev,0,  arrived at dest, 0, this call is done!, Elevator call,557.244139,10,0,3,0, Done, dt, 34.75586099999998
597.0,Elevator call,596.1232023,8,0,1,0, got allocated to elevator, 0
597.0, elevID,0,  pos,0,  cmd, goto,8
598.0,Elev,1,  arrived at dest, 3, this call is done!, Elevator call,581.870309,0,3,3,1, Done, dt, 16.12969099999998
601.0,Elevator call,600.931288,1,0,1,1, got allocated to elevator, 1
601.0, elevID,1,  pos,3,  cmd, goto,1
604.0,Elevator call,603.9342327,7,0,1,0, got allocated to elevator, 0
604.0, elevID,0,  pos,6,  cmd, stop,7
609.0,Elev,1,  arrived at src, 1, Elevator call,600.931288,1,0,2,1
609.0, elevID,1,  pos,1,  cmd, goto,0
610.0,Elev,0,  arrived at src, 7, Elevator call,603.9342327,7,0,2,0
610.0, elevID,0,  pos,7,  cmd, goto,8
617.0,Elev,1,  arrived at dest, 0, this call is done!, Elevator call,600.931288,1,0,3,1, Done, dt, 16.068712000000005
618.0,Elevator call,617.9628339,0,3,1,1, got allocated to elevator, 1
618.0,Elev,1,  arrived at src, 0, Elevator call,617.9628339,0,3,2,1
618.0, elevID,1,  pos,0,  cmd, goto,3
620.0,Elevator call,619.6454197,9,0,1,0, got allocated to elevator, 0
621.0,Elev,0,  arrived at src, 8, Elevator call,596.1232023,8,0,2,0
621.0, elevID,0,  pos,8,  cmd, goto,9
626.0,Elev,1,  arrived at dest, 3, this call is done!, Elevator call,617.9628339,0,3,3,1, Done, dt, 8.037166100000036
627.0,Elevator call,626.2116172,0,1,1,1, got allocated to elevator, 1
627.0, elevID,1,  pos,3,  cmd, goto,0
632.0,Elev,0,  arrived at src, 9, Elevator call,619.6454197,9,0,2,0
632.0, elevID,0,  pos,9,  cmd, goto,0
635.0,Elev,1,  arrived at src, 0, Elevator call,626.2116172,0,1,2,1
635.0, elevID,1,  pos,0,  cmd, goto,1
643.0,Elev,1,  arrived at dest, 1, this call is done!, Elevator call,626.2116172,0,1,3,1, Done, dt, 16.788382800000022
644.0,Elevator call,643.8547515,-1,2,1,1, got allocated to elevator, 1
644.0, elevID,1,  pos,1,  cmd, goto,-1
645.0,Elev,0,  arrived at dest, 0, this call is done!, Elevator call,596.1232023,8,0,3,0, Done, dt, 48.8767977
645.0,Elev,0,  arrived at dest, 0, this call is done!, Elevator call,603.9342327,7,0,3,0, Done, dt, 41.06576729999995
645.0,Elev,0,  arrived at dest, 0, this call is done!, Elevator call,619.6454197,9,0,3,0, Done, dt, 25.354580299999952
652.0,Elev,1,  arrived at src, -1, Elevator call,643.8547515,-1,2,2,1
652.0, elevID,1,  pos,-1,  cmd, goto,2
660.0,Elev,1,  arrived at dest, 2, this call is done!, Elevator call,643.8547515,-1,2,3,1, Done, dt, 16.14524849999998
661.0,Elevator call,660.0732908,6,10,1,1, got allocated to elevator, 1
661.0, elevID,1,  pos,2,  cmd, goto,6
662.0,Elevator call,661.042082,-1,3,1,1, got allocated to elevator, 1
663.0,Elevator call,662.1730528,-1,5,1,0, got allocated to elevator, 0
663.0, elevID,0,  pos,0,  cmd, goto,-1
666.0,Elevator call,665.1155549,-1,8,1,0, got allocated to elevator, 0
667.0,Elevator call,666.0340295,4,0,1,1, got allocated to elevator, 1
667.0,Elevator call,666.2411587,5,-1,1,0, got allocated to elevator, 0
669.0,Elev,1,  arrived at src, 6, Elevator call,660.0732908,6,10,2,1
669.0, elevID,1,  pos,6,  cmd, goto,10
673.0,Elevator call,672.6773142,0,-1,1,1, got allocated to elevator, 1
674.0,Elev,0,  arrived at src, -1, Elevator call,662.1730528,-1,5,2,0
674.0,Elev,0,  arrived at src, -1, Elevator call,665.1155549,-1,8,2,0
674.0, elevID,0,  pos,-1,  cmd, goto,5
677.0,Elev,1,  arrived at dest, 10, this call is done!, Elevator call,660.0732908,6,10,3,1, Done, dt, 16.926709200000005
677.0, elevID,1,  pos,10,  cmd, goto,4
678.0,Elevator call,677.7341948,0,-1,1,1, got allocated to elevator, 1
679.0,Elevator call,678.9953585,-1,-2,1,1, got allocated to elevator, 1
685.0,Elev,1,  arrived at src, 4, Elevator call,666.0340295,4,0,2,1
685.0, elevID,1,  pos,4,  cmd, goto,0
686.0,Elev,0,  arrived at dest, 5, this call is done!, Elevator call,662.1730528,-1,5,3,0, Done, dt, 23.82694719999995
686.0,Elev,0,  arrived at src, 5, Elevator call,666.2411587,5,-1,2,0
686.0, elevID,0,  pos,5,  cmd, goto,8
693.0,Elev,1,  arrived at dest, 0, this call is done!, Elevator call,666.0340295,4,0,3,1, Done, dt, 26.965970500000026
693.0,Elev,1,  arrived at src, 0, Elevator call,672.6773142,0,-1,2,1
693.0,Elev,1,  arrived at src, 0, Elevator call,677.7341948,0,-1,2,1
693.0, elevID,1,  pos,0,  cmd, goto,-1
696.0,Elevator call,695.2239882,0,10,1,0, got allocated to elevator, 0
697.0,Elev,0,  arrived at dest, 8, this call is done!, Elevator call,665.1155549,-1,8,3,0, Done, dt, 31.884445099999994
697.0, elevID,0,  pos,8,  cmd, goto,0
701.0,Elev,1,  arrived at src, -1, Elevator call,661.042082,-1,3,2,1
701.0,Elev,1,  arrived at dest, -1, this call is done!, Elevator call,672.6773142,0,-1,3,1, Done, dt, 28.322685800000045
701.0,Elev,1,  arrived at dest, -1, this call is done!, Elevator call,677.7341948,0,-1,3,1, Done, dt, 23.265805200000045
701.0,Elev,1,  arrived at src, -1, Elevator call,678.9953585,-1,-2,2,1
701.0, elevID,1,  pos,-1,  cmd, goto,-2
707.0,Elevator call,706.1583475,-1,-2,1,1, got allocated to elevator, 1
709.0,Elev,1,  arrived at dest, -2, this call is done!, Elevator call,678.9953585,-1,-2,3,1, Done, dt, 30.004641500000048
709.0, elevID,1,  pos,-2,  cmd, goto,-1
710.0,Elev,0,  arrived at src, 0, Elevator call,695.2239882,0,10,2,0
710.0, elevID,0,  pos,0,  cmd, goto,-1
711.0,Elevator call,710.324977,0,1,1,1, got allocated to elevator, 1
714.0,Elevator call,713.0191971,1,0,1,1, got allocated to elevator, 1
714.0,Elevator call,713.2499766,10,-1,1,0, got allocated to elevator, 0
717.0,Elev,1,  arrived at src, -1, Elevator call,706.1583475,-1,-2,2,1
717.0, elevID,1,  pos,-1,  cmd, goto,0
721.0,Elev,0,  arrived at dest, -1, this call is done!, Elevator call,666.2411587,5,-1,3,0, Done, dt, 54.75884129999997
721.0, elevID,0,  pos,-1,  cmd, goto,10
723.0,Elevator call,722.6161213,10,0,1,0, got allocated to elevator, 0
725.0,Elev,1,  arrived at src, 0, Elevator call,710.324977,0,1,2,1
725.0, elevID,1,  pos,0,  cmd, goto,1
728.0,Elevator call,727.5146029,-1,0,1,1, got allocated to elevator, 1
733.0,Elevator call,732.9746341,6,-1,1,0, got allocated to elevator, 0
733.0,Elev,1,  arrived at dest, 1, this call is done!, Elevator call,710.324977,0,1,3,1, Done, dt, 22.67502300000001
733.0,Elev,1,  arrived at src, 1, Elevator call,713.0191971,1,0,2,1
733.0, elevID,1,  pos,1,  cmd, goto,3
735.0,Elev,0,  arrived at dest, 10, this call is done!, Elevator call,695.2239882,0,10,3,0, Done, dt, 39.77601179999999
735.0,Elev,0,  arrived at src, 10, Elevator call,713.2499766,10,-1,2,0
735.0,Elev,0,  arrived at src, 10, Elevator call,722.6161213,10,0,2,0
735.0, elevID,0,  pos,10,  cmd, goto,6
738.0,Elevator call,737.3147202,1,0,1,1, got allocated to elevator, 1
741.0,Elev,1,  arrived at dest, 3, this call is done!, Elevator call,661.042082,-1,3,3,1, Done, dt, 79.95791799999995
741.0, elevID,1,  pos,3,  cmd, goto,1
747.0,Elev,0,  arrived at src, 6, Elevator call,732.9746341,6,-1,2,0
747.0, elevID,0,  pos,6,  cmd, goto,0
749.0,Elev,1,  arrived at src, 1, Elevator call,737.3147202,1,0,2,1
749.0, elevID,1,  pos,1,  cmd, goto,0
757.0,Elev,1,  arrived at dest, 0, this call is done!, Elevator call,713.0191971,1,0,3,1, Done, dt, 43.98080289999996
757.0,Elev,1,  arrived at dest, 0, this call is done!, Elevator call,737.3147202,1,0,3,1, Done, dt, 19.68527979999999
757.0, elevID,1,  pos,0,  cmd, goto,-1
759.0,Elev,0,  arrived at dest, 0, this call is done!, Elevator call,722.6161213,10,0,3,0, Done, dt, 36.38387869999997
759.0, elevID,0,  pos,0,  cmd, goto,-1
765.0,Elev,1,  arrived at src, -1, Elevator call,727.5146029,-1,0,2,1
765.0, elevID,1,  pos,-1,  cmd, goto,-2
770.0,Elev,0,  arrived at dest, -1, this call is done!, Elevator call,713.2499766,10,-1,3,0, Done, dt, 56.75002340000003
770.0,Elev,0,  arrived at dest, -1, this call is done!, Elevator call,732.9746341,6,-1,3,0, Done, dt, 37.0253659
773.0,Elev,1,  arrived at dest, -2, this call is done!, Elevator call,706.1583475,-1,-2,3,1, Done, dt, 66.84165250000001
773.0, elevID,1,  pos,-2,  cmd, goto,0
780.0,Elevator call,779.3996914,-1,5,1,0, got allocated to elevator, 0
780.0,Elev,0,  arrived at src, -1, Elevator call,779.3996914,-1,5,2,0
780.0, elevID,0,  pos,-1,  cmd, goto,5
781.0,Elev,1,  arrived at dest, 0, this call is done!, Elevator call,727.5146029,-1,0,3,1, Done, dt, 53.4853971
792.0,Elev,0,  arrived at dest, 5, this call is done!, Elevator call,779.3996914,-1,5,3,0, Done, dt, 12.600308599999948
806.0,Elevator call,805.6754743,-1,-2,1,1, got allocated to elevator, 1
806.0, elevID,1,  pos,0,  cmd, goto,-1
811.0,Elevator call,810.4469089,2,0,1,1, got allocated to elevator, 1
814.0,Elev,1,  arrived at src, -1, Elevator call,805.6754743,-1,-2,2,1
814.0, elevID,1,  pos,-1,  cmd, goto,-2
817.0,Elevator call,816.1516998,7,-1,1,0, got allocated to elevator, 0
817.0, elevID,0,  pos,5,  cmd, goto,7
822.0,Elev,1,  arrived at dest, -2, this call is done!, Elevator call,805.6754743,-1,-2,3,1, Done, dt, 16.32452569999998
822.0, elevID,1,  pos,-2,  cmd, goto,2
826.0,Elevator call,825.4575185,7,0,1,0, got allocated to elevator, 0
828.0,Elev,0,  arrived at src, 7, Elevator call,816.1516998,7,-1,2,0
828.0,Elev,0,  arrived at src, 7, Elevator call,825.4575185,7,0,2,0
828.0, elevID,0,  pos,7,  cmd, goto,0
830.0,Elev,1,  arrived at src, 2, Elevator call,810.4469089,2,0,2,1
830.0, elevID,1,  pos,2,  cmd, goto,0
838.0,Elev,1,  arrived at dest, 0, this call is done!, Elevator call,810.4469089,2,0,3,1, Done, dt, 27.55309109999996
840.0,Elevator call,839.8525653,0,1,1,1, got allocated to elevator, 1
840.0,Elev,1,  arrived at src, 0, Elevator call,839.8525653,0,1,2,1
840.0, elevID,1,  pos,0,  cmd, goto,1
841.0,Elev,0,  arrived at dest, 0, this call is done!, Elevator call,825.4575185,7,0,3,0, Done, dt, 15.542481500000008
841.0, elevID,0,  pos,0,  cmd, goto,-1
848.0,Elev,1,  arrived at dest, 1, this call is done!, Elevator call,839.8525653,0,1,3,1, Done, dt, 8.147434699999963
852.0,Elev,0,  arrived at dest, -1, this call is done!, Elevator call,816.1516998,7,-1,3,0, Done, dt, 35.84830020000004
855.0,Elevator call,854.2002278,6,-1,1,0, got allocated to elevator, 0
855.0, elevID,0,  pos,-1,  cmd, goto,6
864.0,Elevator call,863.8932913,0,-1,1,1, got allocated to elevator, 1
864.0, elevID,1,  pos,1,  cmd, goto,0
868.0,Elev,0,  arrived at src, 6, Elevator call,854.2002278,6,-1,2,0
868.0, elevID,0,  pos,6,  cmd, goto,-1
871.0,Elevator call,870.5053024,0,7,1,0, got allocated to elevator, 0
, elevID,0,  pos,6,  cmd, stop,0
872.0,Elev,1,  arrived at src, 0, Elevator call,863.8932913,0,-1,2,1
872.0, elevID,1,  pos,0,  cmd, goto,-1
880.0,Elev,0,  arrived at src, 0, Elevator call,870.5053024,0,7,2,0
880.0, elevID,0,  pos,0,  cmd, goto,-1
880.0,Elev,1,  arrived at dest, -1, this call is done!, Elevator call,863.8932913,0,-1,3,1, Done, dt, 16.106708700000013
887.0,Elevator call,886.5649993,-1,-2,1,1, got allocated to elevator, 1
887.0,Elev,1,  arrived at src, -1, Elevator call,886.5649993,-1,-2,2,1
887.0, elevID,1,  pos,-1,  cmd, goto,-2
891.0,Elev,0,  arrived at dest, -1, this call is done!, Elevator call,854.2002278,6,-1,3,0, Done, dt, 36.79977220000001
891.0, elevID,0,  pos,-1,  cmd, goto,7
893.0,Elevator call,892.5212151,9,-1,1,0, got allocated to elevator, 0
895.0,Elev,1,  arrived at dest, -2, this call is done!, Elevator call,886.5649993,-1,-2,3,1, Done, dt, 8.435000700000046
904.0,Elev,0,  arrived at dest, 7, this call is done!, Elevator call,870.5053024,0,7,3,0, Done, dt, 33.494697599999995
904.0, elevID,0,  pos,7,  cmd, goto,9
911.0,Elevator call,910.5388559,6,5,1,1, got allocated to elevator, 1
911.0, elevID,1,  pos,-2,  cmd, goto,6
915.0,Elev,0,  arrived at src, 9, Elevator call,892.5212151,9,-1,2,0
915.0, elevID,0,  pos,9,  cmd, goto,-1
916.0,Elevator call,915.9490575,4,-1,1,1, got allocated to elevator, 1
920.0,Elev,1,  arrived at src, 6, Elevator call,910.5388559,6,5,2,1
920.0, elevID,1,  pos,6,  cmd, goto,5
928.0,Elev,1,  arrived at dest, 5, this call is done!, Elevator call,910.5388559,6,5,3,1, Done, dt, 17.461144099999956
928.0, elevID,1,  pos,5,  cmd, goto,4
929.0,Elev,0,  arrived at dest, -1, this call is done!, Elevator call,892.5212151,9,-1,3,0, Done, dt, 36.47878490000005
934.0,Elevator call,933.8580452,7,5,1,1, got allocated to elevator, 1
936.0,Elev,1,  arrived at src, 4, Elevator call,915.9490575,4,-1,2,1
936.0, elevID,1,  pos,4,  cmd, goto,-1
944.0,Elev,1,  arrived at dest, -1, this call is done!, Elevator call,915.9490575,4,-1,3,1, Done, dt, 28.05094250000002
944.0, elevID,1,  pos,-1,  cmd, goto,7
953.0,Elev,1,  arrived at src, 7, Elevator call,933.8580452,7,5,2,1
953.0, elevID,1,  pos,7,  cmd, goto,5
961.0,Elev,1,  arrived at dest, 5, this call is done!, Elevator call,933.8580452,7,5,3,1, Done, dt, 27.141954800000008
962.0,Elevator call,961.6862856,6,-1,1,0, got allocated to elevator, 0
962.0, elevID,0,  pos,-1,  cmd, goto,6
973.0,Elevator call,972.8032126,1,0,1,1, got allocated to elevator, 1
973.0, elevID,1,  pos,5,  cmd, goto,1
975.0,Elev,0,  arrived at src, 6, Elevator call,961.6862856,6,-1,2,0
975.0, elevID,0,  pos,6,  cmd, goto,-1
976.0,Elevator call,975.8361203,0,-1,1,1, got allocated to elevator, 1
979.0,Elevator call,978.5925149,10,0,1,0, got allocated to elevator, 0
979.0,Elevator call,978.6210501,10,-1,1,0, got allocated to elevator, 0
981.0,Elev,1,  arrived at src, 1, Elevator call,972.8032126,1,0,2,1
981.0, elevID,1,  pos,1,  cmd, goto,0
985.0,Elevator call,984.1840186,7,0,1,0, got allocated to elevator, 0
988.0,Elev,0,  arrived at dest, -1, this call is done!, Elevator call,961.6862856,6,-1,3,0, Done, dt, 26.31371439999998
988.0, elevID,0,  pos,-1,  cmd, goto,7
989.0,Elev,1,  arrived at dest, 0, this call is done!, Elevator call,972.8032126,1,0,3,1, Done, dt, 16.19678739999995
989.0,Elev,1,  arrived at src, 0, Elevator call,975.8361203,0,-1,2,1
989.0, elevID,1,  pos,0,  cmd, goto,-1
997.0,Elev,1,  arrived at dest, -1, this call is done!, Elevator call,975.8361203,0,-1,3,1, Done, dt, 21.163879700000052
1001.0,Elev,0,  arrived at src, 7, Elevator call,984.1840186,7,0,2,0
1001.0, elevID,0,  pos,7,  cmd, goto,10
1012.0,Elev,0,  arrived at src, 10, Elevator call,978.5925149,10,0,2,0
1012.0,Elev,0,  arrived at src, 10, Elevator call,978.6210501,10,-1,2,0
1012.0, elevID,0,  pos,10,  cmd, goto,0
1026.0,Elev,0,  arrived at dest, 0, this call is done!, Elevator call,978.5925149,10,0,3,0, Done, dt, 47.40748510000003
1026.0,Elev,0,  arrived at dest, 0, this call is done!, Elevator call,984.1840186,7,0,3,0, Done, dt, 41.815981400000055
1026.0, elevID,0,  pos,0,  cmd, goto,-1
1037.0,Elev,0,  arrived at dest, -1, this call is done!, Elevator call,978.6210501,10,-1,3,0, Done, dt, 58.37894989999995
1038.0,************* Simulation Ended ************
Code Owners,212487292,324205160,  Building_file,data/Ex1_input/Ex1_Buildings/B3.json,  Calls,out/Ex1_B3_case_a.csv
Total waiting time: 2871.0,  average waiting time per call: 28.71,  unCompleted calls,0,  certificate, -38074108
