Ex1 (OOP) Simulator log: stage data/Ex1_input/Ex1_Buildings/B2.json,  out/Ex1_B2_case_a.csv
0.0,OOP_Ex1_Elevator_Simulator
0.0,Simulated Building, Building [-2,10]
0) ex1.Elevator_A, Elev_, id,0,  speed, 1.0, open: 2.0,  start: 3.0, close: 2.0,  stop: 3.0
1) ex1.Elevator_A, Elev_, id,1,  speed, 2.0, open: 2.0,  start: 3.0, close: 2.0,  stop: 3.0

0.0,Simulated Period starTime,0.0,  endTime,1104.1840186,  dt,1.0
0.0,Simulated  calls,Elevator log, size: 100
0.0,**** Simulation starts!! ****
5.0,Elevator call,4.37472729,0,-1,1,1, got allocated to elevator, 1
5.0,Elev,1,  arrived at src, 0, Elevator call,4.37472729,0,-1,2,1
5.0, elevID,1,  pos,0,  cmd, goto,-1
16.0,Elev,1,  arrived at dest, -1, this call is done!, Elevator call,4.37472729,0,-1,3,1, Done, dt, 11.62527271
17.0,Elevator call,16.95788289,-1,0,1,1, got allocated to elevator, 1
17.0,Elev,1,  arrived at src, -1, Elevator call,16.95788289,-1,0,2,1
17.0, elevID,1,  pos,-1,  cmd, goto,0
23.0,Elevator call,22.0940563,0,-1,1,1, got allocated to elevator, 1
28.0,Elev,1,  arrived at dest, 0, this call is done!, Elevator call,16.95788289,-1,0,3,1, Done, dt, 11.04211711
28.0,Elev,1,  arrived at src, 0, Elevator call,22.0940563,0,-1,2,1
28.0, elevID,1,  pos,0,  cmd, goto,-1
39.0,Elev,1,  arrived at dest, -1, this call is done!, Elevator call,22.0940563,0,-1,3,1, Done, dt, 16.9059437
86.0,Elevator call,85.52096662,3,2,1,1, got allocated to elevator, 1
86.0, elevID,1,  pos,-1,  cmd, goto,3
92.0,Elevator call,91.21019413,-1,-2,1,1, got allocated to elevator, 1
98.0,Elev,1,  arrived at src, 3, Elevator call,85.52096662,3,2,2,1
98.0, elevID,1,  pos,3,  cmd, goto,2
105.0,Elevator call,104.1370124,0,4,1,1, got allocated to elevator, 1
109.0,Elev,1,  arrived at dest, 2, this call is done!, Elevator call,85.52096662,3,2,3,1, Done, dt, 23.479033380000004
109.0, elevID,1,  pos,2,  cmd, goto,0
110.0,Elevator call,109.2135291,-1,0,1,1, got allocated to elevator, 1
115.0,Elevator call,114.392351,3,0,1,1, got allocated to elevator, 1
120.0,Elev,1,  arrived at src, 0, Elevator call,104.1370124,0,4,2,1
120.0, elevID,1,  pos,0,  cmd, goto,-1
125.0,Elevator call,124.425571,0,9,1,0, got allocated to elevator, 0
125.0,Elev,0,  arrived at src, 0, Elevator call,124.425571,0,9,2,0
125.0, elevID,0,  pos,0,  cmd, goto,9
131.0,Elevator call,130.0249568,8,10,1,1, got allocated to elevator, 1
131.0,Elevator call,130.2249113,-1,1,1,1, got allocated to elevator, 1
131.0,Elev,1,  arrived at src, -1, Elevator call,91.21019413,-1,-2,2,1
131.0,Elev,1,  arrived at src, -1, Elevator call,109.2135291,-1,0,2,1
131.0,Elev,1,  arrived at src, -1, Elevator call,130.2249113,-1,1,2,1
131.0, elevID,1,  pos,-1,  cmd, goto,-2
138.0,Elevator call,137.9515274,0,4,1,1, got allocated to elevator, 1
142.0,Elev,1,  arrived at dest, -2, this call is done!, Elevator call,91.21019413,-1,-2,3,1, Done, dt, 50.789805869999995
142.0, elevID,1,  pos,-2,  cmd, goto,0
144.0,Elevator call,143.9133584,0,6,1,0, got allocated to elevator, 0
144.0,Elev,0,  arrived at dest, 9, this call is done!, Elevator call,124.425571,0,9,3,0, Done, dt, 19.574428999999995
144.0, elevID,0,  pos,9,  cmd, goto,0
153.0,Elev,1,  arrived at dest, 0, this call is done!, Elevator call,109.2135291,-1,0,3,1, Done, dt, 43.7864709
153.0,Elev,1,  arrived at src, 0, Elevator call,137.9515274,0,4,2,1
153.0, elevID,1,  pos,0,  cmd, goto,1
163.0,Elev,0,  arrived at src, 0, Elevator call,143.9133584,0,6,2,0
163.0, elevID,0,  pos,0,  cmd, goto,6
164.0,Elev,1,  arrived at dest, 1, this call is done!, Elevator call,130.2249113,-1,1,3,1, Done, dt, 33.7750887
164.0, elevID,1,  pos,1,  cmd, goto,3
170.0,Elevator call,169.7845834,-1,0,1,1, got allocated to elevator, 1
171.0,Elevator call,170.0099621,0,6,1,0, got allocated to elevator, 0
172.0,Elevator call,171.2117332,-1,8,1,0, got allocated to elevator, 0
175.0,Elevator call,174.8438515,0,-1,1,1, got allocated to elevator, 1
175.0,Elev,1,  arrived at src, 3, Elevator call,114.392351,3,0,2,1
175.0, elevID,1,  pos,3,  cmd, goto,4
179.0,Elev,0,  arrived at dest, 6, this call is done!, Elevator call,143.9133584,0,6,3,0, Done, dt, 35.08664160000001
179.0, elevID,0,  pos,6,  cmd, goto,0
186.0,Elev,1,  arrived at dest, 4, this call is done!, Elevator call,104.1370124,0,4,3,1, Done, dt, 81.8629876
186.0,Elev,1,  arrived at dest, 4, this call is done!, Elevator call,137.9515274,0,4,3,1, Done, dt, 48.0484726
186.0, elevID,1,  pos,4,  cmd, goto,8
188.0,Elevator call,187.1167862,-1,-2,1,1, got allocated to elevator, 1
188.0,Elevator call,187.7299318,-1,-2,1,1, got allocated to elevator, 1
195.0,Elev,0,  arrived at src, 0, Elevator call,170.0099621,0,6,2,0
195.0, elevID,0,  pos,0,  cmd, goto,-1
196.0,Elevator call,195.9086965,0,7,1,0, got allocated to elevator, 0
, elevID,0,  pos,0,  cmd, stop,0
198.0,Elevator call,197.5359191,-1,1,1,1, got allocated to elevator, 1
198.0,Elev,1,  arrived at src, 8, Elevator call,130.0249568,8,10,2,1
198.0, elevID,1,  pos,8,  cmd, goto,10
205.0,Elev,0,  arrived at src, 0, Elevator call,195.9086965,0,7,2,0
205.0, elevID,0,  pos,0,  cmd, goto,-1
206.0,Elevator call,205.9895199,-1,0,1,1, got allocated to elevator, 1
209.0,Elev,1,  arrived at dest, 10, this call is done!, Elevator call,130.0249568,8,10,3,1, Done, dt, 78.97504319999999
209.0, elevID,1,  pos,10,  cmd, goto,0
216.0,Elev,0,  arrived at src, -1, Elevator call,171.2117332,-1,8,2,0
216.0, elevID,0,  pos,-1,  cmd, goto,6
224.0,Elev,1,  arrived at dest, 0, this call is done!, Elevator call,114.392351,3,0,3,1, Done, dt, 109.607649
224.0,Elev,1,  arrived at src, 0, Elevator call,174.8438515,0,-1,2,1
224.0, elevID,1,  pos,0,  cmd, goto,-1
228.0,Elevator call,227.0798305,-1,5,1,0, got allocated to elevator, 0
232.0,Elevator call,231.5157882,-1,0,1,1, got allocated to elevator, 1
233.0,Elevator call,232.9504362,0,-1,1,1, got allocated to elevator, 1
233.0,Elev,0,  arrived at dest, 6, this call is done!, Elevator call,170.0099621,0,6,3,0, Done, dt, 62.990037900000004
233.0, elevID,0,  pos,6,  cmd, goto,7
235.0,Elev,1,  arrived at src, -1, Elevator call,169.7845834,-1,0,2,1
235.0,Elev,1,  arrived at dest, -1, this call is done!, Elevator call,174.8438515,0,-1,3,1, Done, dt, 60.1561485
235.0,Elev,1,  arrived at src, -1, Elevator call,187.1167862,-1,-2,2,1
235.0,Elev,1,  arrived at src, -1, Elevator call,187.7299318,-1,-2,2,1
235.0,Elev,1,  arrived at src, -1, Elevator call,197.5359191,-1,1,2,1
235.0,Elev,1,  arrived at src, -1, Elevator call,205.9895199,-1,0,2,1
235.0,Elev,1,  arrived at src, -1, Elevator call,231.5157882,-1,0,2,1
235.0, elevID,1,  pos,-1,  cmd, goto,-2
244.0,Elev,0,  arrived at dest, 7, this call is done!, Elevator call,195.9086965,0,7,3,0, Done, dt, 48.09130350000001
244.0, elevID,0,  pos,7,  cmd, goto,8
246.0,Elev,1,  arrived at dest, -2, this call is done!, Elevator call,187.1167862,-1,-2,3,1, Done, dt, 58.88321379999999
246.0,Elev,1,  arrived at dest, -2, this call is done!, Elevator call,187.7299318,-1,-2,3,1, Done, dt, 58.2700682
246.0, elevID,1,  pos,-2,  cmd, goto,0
252.0,Elevator call,251.1044469,-1,-2,1,1, got allocated to elevator, 1
252.0,Elevator call,251.2359335,0,9,1,0, got allocated to elevator, 0
255.0,Elevator call,254.6977153,3,4,1,1, got allocated to elevator, 1
255.0,Elev,0,  arrived at dest, 8, this call is done!, Elevator call,171.2117332,-1,8,3,0, Done, dt, 83.7882668
255.0, elevID,0,  pos,8,  cmd, goto,0
257.0,Elev,1,  arrived at dest, 0, this call is done!, Elevator call,169.7845834,-1,0,3,1, Done, dt, 87.2154166
257.0,Elev,1,  arrived at dest, 0, this call is done!, Elevator call,205.9895199,-1,0,3,1, Done, dt, 51.010480099999995
257.0,Elev,1,  arrived at dest, 0, this call is done!, Elevator call,231.5157882,-1,0,3,1, Done, dt, 25.484211799999997
257.0,Elev,1,  arrived at src, 0, Elevator call,232.9504362,0,-1,2,1
257.0, elevID,1,  pos,0,  cmd, goto,1
258.0,Elevator call,257.7974435,-1,0,1,1, got allocated to elevator, 1
268.0,Elev,1,  arrived at dest, 1, this call is done!, Elevator call,197.5359191,-1,1,3,1, Done, dt, 70.4640809
268.0, elevID,1,  pos,1,  cmd, goto,3
273.0,Elev,0,  arrived at src, 0, Elevator call,251.2359335,0,9,2,0
273.0, elevID,0,  pos,0,  cmd, goto,-1
279.0,Elev,1,  arrived at src, 3, Elevator call,254.6977153,3,4,2,1
279.0, elevID,1,  pos,3,  cmd, goto,4
284.0,Elev,0,  arrived at src, -1, Elevator call,227.0798305,-1,5,2,0
284.0, elevID,0,  pos,-1,  cmd, goto,5
290.0,Elev,1,  arrived at dest, 4, this call is done!, Elevator call,254.6977153,3,4,3,1, Done, dt, 35.3022847
290.0, elevID,1,  pos,4,  cmd, goto,-1
296.0,Elevator call,295.7943357,0,1,1,1, got allocated to elevator, 1
, elevID,1,  pos,2,  cmd, stop,0
300.0,Elev,0,  arrived at dest, 5, this call is done!, Elevator call,227.0798305,-1,5,3,0, Done, dt, 72.92016949999999
300.0, elevID,0,  pos,5,  cmd, goto,9
302.0,Elev,1,  arrived at src, 0, Elevator call,295.7943357,0,1,2,1
302.0, elevID,1,  pos,0,  cmd, goto,-1
305.0,Elevator call,304.9984388,6,0,1,0, got allocated to elevator, 0
305.0, elevID,0,  pos,5,  cmd, stop,6
310.0,Elevator call,309.3005383,0,-1,1,1, got allocated to elevator, 1
311.0,Elev,0,  arrived at src, 6, Elevator call,304.9984388,6,0,2,0
311.0, elevID,0,  pos,6,  cmd, goto,9
313.0,Elevator call,312.3018556,0,-1,1,1, got allocated to elevator, 1
313.0,Elev,1,  arrived at dest, -1, this call is done!, Elevator call,232.9504362,0,-1,3,1, Done, dt, 80.04956379999999
313.0,Elev,1,  arrived at src, -1, Elevator call,251.1044469,-1,-2,2,1
313.0,Elev,1,  arrived at src, -1, Elevator call,257.7974435,-1,0,2,1
313.0, elevID,1,  pos,-1,  cmd, goto,-2
317.0,Elevator call,316.0323783,0,-1,1,1, got allocated to elevator, 1
320.0,Elevator call,319.905202,6,5,1,1, got allocated to elevator, 1
321.0,Elevator call,320.9760749,-1,0,1,1, got allocated to elevator, 1
322.0,Elevator call,321.370409,7,-1,1,0, got allocated to elevator, 0
324.0,Elev,0,  arrived at dest, 9, this call is done!, Elevator call,251.2359335,0,9,3,0, Done, dt, 72.76406650000001
324.0, elevID,0,  pos,9,  cmd, goto,7
324.0,Elev,1,  arrived at dest, -2, this call is done!, Elevator call,251.1044469,-1,-2,3,1, Done, dt, 72.8955531
324.0, elevID,1,  pos,-2,  cmd, goto,-1
333.0,Elevator call,332.4267319,0,10,1,0, got allocated to elevator, 0
335.0,Elev,1,  arrived at src, -1, Elevator call,320.9760749,-1,0,2,1
335.0, elevID,1,  pos,-1,  cmd, goto,0
336.0,Elev,0,  arrived at src, 7, Elevator call,321.370409,7,-1,2,0
336.0, elevID,0,  pos,7,  cmd, goto,0
337.0,Elevator call,336.9304305,-1,0,1,1, got allocated to elevator, 1
337.0, elevID,1,  pos,-1,  cmd, stop,-1
345.0,Elev,1,  arrived at src, -1, Elevator call,336.9304305,-1,0,2,1
345.0, elevID,1,  pos,-1,  cmd, goto,0
353.0,Elev,0,  arrived at dest, 0, this call is done!, Elevator call,304.9984388,6,0,3,0, Done, dt, 48.001561200000026
353.0,Elev,0,  arrived at src, 0, Elevator call,332.4267319,0,10,2,0
353.0, elevID,0,  pos,0,  cmd, goto,-1
356.0,Elev,1,  arrived at dest, 0, this call is done!, Elevator call,257.7974435,-1,0,3,1, Done, dt, 98.20255650000001
356.0,Elev,1,  arrived at src, 0, Elevator call,309.3005383,0,-1,2,1
356.0,Elev,1,  arrived at src, 0, Elevator call,312.3018556,0,-1,2,1
356.0,Elev,1,  arrived at src, 0, Elevator call,316.0323783,0,-1,2,1
356.0,Elev,1,  arrived at dest, 0, this call is done!, Elevator call,320.9760749,-1,0,3,1, Done, dt, 35.023925099999985
356.0,Elev,1,  arrived at dest, 0, this call is done!, Elevator call,336.9304305,-1,0,3,1, Done, dt, 19.0695695
356.0, elevID,1,  pos,0,  cmd, goto,1
364.0,Elev,0,  arrived at dest, -1, this call is done!, Elevator call,321.370409,7,-1,3,0, Done, dt, 42.629591000000005
364.0, elevID,0,  pos,-1,  cmd, goto,10
367.0,Elev,1,  arrived at dest, 1, this call is done!, Elevator call,295.7943357,0,1,3,1, Done, dt, 71.20566430000002
367.0, elevID,1,  pos,1,  cmd, goto,6
376.0,Elevator call,375.490481,1,0,1,1, got allocated to elevator, 1
380.0,Elev,1,  arrived at src, 6, Elevator call,319.905202,6,5,2,1
380.0, elevID,1,  pos,6,  cmd, goto,5
385.0,Elev,0,  arrived at dest, 10, this call is done!, Elevator call,332.4267319,0,10,3,0, Done, dt, 52.57326810000001
391.0,Elev,1,  arrived at dest, 5, this call is done!, Elevator call,319.905202,6,5,3,1, Done, dt, 71.09479800000003
391.0, elevID,1,  pos,5,  cmd, goto,1
393.0,Elevator call,392.5160765,0,5,1,1, got allocated to elevator, 1
403.0,Elev,1,  arrived at src, 1, Elevator call,375.490481,1,0,2,1
403.0, elevID,1,  pos,1,  cmd, goto,0
406.0,Elevator call,405.1821141,-1,10,1,0, got allocated to elevator, 0
406.0, elevID,0,  pos,10,  cmd, goto,-1
414.0,Elev,1,  arrived at dest, 0, this call is done!, Elevator call,375.490481,1,0,3,1, Done, dt, 38.50951900000001
414.0,Elev,1,  arrived at src, 0, Elevator call,392.5160765,0,5,2,1
414.0, elevID,1,  pos,0,  cmd, goto,-1
425.0,Elev,1,  arrived at dest, -1, this call is done!, Elevator call,309.3005383,0,-1,3,1, Done, dt, 115.69946169999997
425.0,Elev,1,  arrived at dest, -1, this call is done!, Elevator call,312.3018556,0,-1,3,1, Done, dt, 112.69814439999999
425.0,Elev,1,  arrived at dest, -1, this call is done!, Elevator call,316.0323783,0,-1,3,1, Done, dt, 108.9676217
425.0, elevID,1,  pos,-1,  cmd, goto,5
427.0,Elevator call,426.8615805,2,0,1,1, got allocated to elevator, 1
427.0,Elev,0,  arrived at src, -1, Elevator call,405.1821141,-1,10,2,0
427.0, elevID,0,  pos,-1,  cmd, goto,10
427.0, elevID,1,  pos,-1,  cmd, stop,2
437.0,Elev,1,  arrived at src, 2, Elevator call,426.8615805,2,0,2,1
437.0, elevID,1,  pos,2,  cmd, goto,5
438.0,Elevator call,437.1711158,1,0,1,1, got allocated to elevator, 1
448.0,Elev,0,  arrived at dest, 10, this call is done!, Elevator call,405.1821141,-1,10,3,0, Done, dt, 42.81788590000002
449.0,Elev,1,  arrived at dest, 5, this call is done!, Elevator call,392.5160765,0,5,3,1, Done, dt, 56.4839235
449.0, elevID,1,  pos,5,  cmd, goto,1
461.0,Elev,1,  arrived at src, 1, Elevator call,437.1711158,1,0,2,1
461.0, elevID,1,  pos,1,  cmd, goto,0
472.0,Elev,1,  arrived at dest, 0, this call is done!, Elevator call,426.8615805,2,0,3,1, Done, dt, 45.1384195
472.0,Elev,1,  arrived at dest, 0, this call is done!, Elevator call,437.1711158,1,0,3,1, Done, dt, 34.828884200000005
473.0,Elevator call,472.7445474,10,-1,1,0, got allocated to elevator, 0
473.0,Elev,0,  arrived at src, 10, Elevator call,472.7445474,10,-1,2,0
473.0, elevID,0,  pos,10,  cmd, goto,-1
494.0,Elev,0,  arrived at dest, -1, this call is done!, Elevator call,472.7445474,10,-1,3,0, Done, dt, 21.255452600000012
501.0,Elevator call,500.3712045,8,-1,1,0, got allocated to elevator, 0
501.0, elevID,0,  pos,-1,  cmd, goto,8
504.0,Elevator call,503.1384784,1,-1,1,1, got allocated to elevator, 1
504.0, elevID,1,  pos,0,  cmd, goto,1
505.0,Elevator call,504.4317942,0,-1,1,1, got allocated to elevator, 1
505.0, elevID,1,  pos,0,  cmd, stop,0
514.0,Elev,1,  arrived at src, 0, Elevator call,504.4317942,0,-1,2,1
514.0, elevID,1,  pos,0,  cmd, goto,1
520.0,Elev,0,  arrived at src, 8, Elevator call,500.3712045,8,-1,2,0
520.0, elevID,0,  pos,8,  cmd, goto,-1
525.0,Elev,1,  arrived at src, 1, Elevator call,503.1384784,1,-1,2,1
525.0, elevID,1,  pos,1,  cmd, goto,-1
530.0,Elevator call,529.6277472,3,-1,1,1, got allocated to elevator, 1
536.0,Elev,1,  arrived at dest, -1, this call is done!, Elevator call,503.1384784,1,-1,3,1, Done, dt, 32.8615216
536.0,Elev,1,  arrived at dest, -1, this call is done!, Elevator call,504.4317942,0,-1,3,1, Done, dt, 31.568205799999987
536.0, elevID,1,  pos,-1,  cmd, goto,3
538.0,Elevator call,537.7866884,-1,6,1,0, got allocated to elevator, 0
539.0,Elev,0,  arrived at dest, -1, this call is done!, Elevator call,500.3712045,8,-1,3,0, Done, dt, 38.628795500000024
539.0,Elev,0,  arrived at src, -1, Elevator call,537.7866884,-1,6,2,0
539.0, elevID,0,  pos,-1,  cmd, goto,6
545.0,Elevator call,544.7880392,6,-1,1,0, got allocated to elevator, 0
548.0,Elev,1,  arrived at src, 3, Elevator call,529.6277472,3,-1,2,1
548.0, elevID,1,  pos,3,  cmd, goto,-1
555.0,Elevator call,554.0892923,4,0,1,1, got allocated to elevator, 1
556.0,Elev,0,  arrived at dest, 6, this call is done!, Elevator call,537.7866884,-1,6,3,0, Done, dt, 18.213311599999997
556.0,Elev,0,  arrived at src, 6, Elevator call,544.7880392,6,-1,2,0
556.0, elevID,0,  pos,6,  cmd, goto,-1
558.0,Elevator call,557.244139,10,0,1,0, got allocated to elevator, 0
560.0,Elev,1,  arrived at dest, -1, this call is done!, Elevator call,529.6277472,3,-1,3,1, Done, dt, 30.372252799999956
560.0, elevID,1,  pos,-1,  cmd, goto,4
566.0,Elevator call,565.0195522,0,-1,1,1, got allocated to elevator, 1
573.0,Elev,0,  arrived at dest, -1, this call is done!, Elevator call,544.7880392,6,-1,3,0, Done, dt, 28.211960800000043
573.0, elevID,0,  pos,-1,  cmd, goto,10
573.0,Elev,1,  arrived at src, 4, Elevator call,554.0892923,4,0,2,1
573.0, elevID,1,  pos,4,  cmd, goto,0
582.0,Elevator call,581.870309,0,3,1,1, got allocated to elevator, 1
585.0,Elev,1,  arrived at dest, 0, this call is done!, Elevator call,554.0892923,4,0,3,1, Done, dt, 30.91070769999999
585.0,Elev,1,  arrived at src, 0, Elevator call,565.0195522,0,-1,2,1
585.0,Elev,1,  arrived at src, 0, Elevator call,581.870309,0,3,2,1
585.0, elevID,1,  pos,0,  cmd, goto,-1
594.0,Elev,0,  arrived at src, 10, Elevator call,557.244139,10,0,2,0
594.0, elevID,0,  pos,10,  cmd, goto,0
596.0,Elev,1,  arrived at dest, -1, this call is done!, Elevator call,565.0195522,0,-1,3,1, Done, dt, 30.98044779999998
596.0, elevID,1,  pos,-1,  cmd, goto,3
597.0,Elevator call,596.1232023,8,0,1,0, got allocated to elevator, 0
, elevID,0,  pos,10,  cmd, stop,8
601.0,Elevator call,600.931288,1,0,1,1, got allocated to elevator, 1
601.0, elevID,1,  pos,-1,  cmd, stop,1
604.0,Elevator call,603.9342327,7,0,1,0, got allocated to elevator, 0
606.0,Elev,0,  arrived at src, 8, Elevator call,596.1232023,8,0,2,0
606.0, elevID,0,  pos,8,  cmd, goto,7
607.0,Elev,1,  arrived at src, 1, Elevator call,600.931288,1,0,2,1
607.0, elevID,1,  pos,1,  cmd, goto,3
617.0,Elev,0,  arrived at src, 7, Elevator call,603.9342327,7,0,2,0
617.0, elevID,0,  pos,7,  cmd, goto,0
618.0,Elevator call,617.9628339,0,3,1,1, got allocated to elevator, 1
618.0,Elev,1,  arrived at dest, 3, this call is done!, Elevator call,581.870309,0,3,3,1, Done, dt, 36.12969099999998
618.0, elevID,1,  pos,3,  cmd, goto,0
620.0,Elevator call,619.6454197,9,0,1,0, got allocated to elevator, 0
627.0,Elevator call,626.2116172,0,1,1,1, got allocated to elevator, 1
630.0,Elev,1,  arrived at dest, 0, this call is done!, Elevator call,600.931288,1,0,3,1, Done, dt, 29.068712000000005
630.0,Elev,1,  arrived at src, 0, Elevator call,617.9628339,0,3,2,1
630.0,Elev,1,  arrived at src, 0, Elevator call,626.2116172,0,1,2,1
630.0, elevID,1,  pos,0,  cmd, goto,1
634.0,Elev,0,  arrived at dest, 0, this call is done!, Elevator call,557.244139,10,0,3,0, Done, dt, 76.75586099999998
634.0,Elev,0,  arrived at dest, 0, this call is done!, Elevator call,596.1232023,8,0,3,0, Done, dt, 37.8767977
634.0,Elev,0,  arrived at dest, 0, this call is done!, Elevator call,603.9342327,7,0,3,0, Done, dt, 30.065767299999948
634.0, elevID,0,  pos,0,  cmd, goto,9
641.0,Elev,1,  arrived at dest, 1, this call is done!, Elevator call,626.2116172,0,1,3,1, Done, dt, 14.788382800000022
641.0, elevID,1,  pos,1,  cmd, goto,3
644.0,Elevator call,643.8547515,-1,2,1,1, got allocated to elevator, 1
652.0,Elev,1,  arrived at dest, 3, this call is done!, Elevator call,617.9628339,0,3,3,1, Done, dt, 34.037166100000036
652.0, elevID,1,  pos,3,  cmd, goto,-1
653.0,Elev,0,  arrived at src, 9, Elevator call,619.6454197,9,0,2,0
653.0, elevID,0,  pos,9,  cmd, goto,0
661.0,Elevator call,660.0732908,6,10,1,1, got allocated to elevator, 1
662.0,Elevator call,661.042082,-1,3,1,1, got allocated to elevator, 1
663.0,Elevator call,662.1730528,-1,5,1,0, got allocated to elevator, 0
664.0,Elev,1,  arrived at src, -1, Elevator call,643.8547515,-1,2,2,1
664.0,Elev,1,  arrived at src, -1, Elevator call,661.042082,-1,3,2,1
664.0, elevID,1,  pos,-1,  cmd, goto,2
666.0,Elevator call,665.1155549,-1,8,1,0, got allocated to elevator, 0
667.0,Elevator call,666.0340295,4,0,1,1, got allocated to elevator, 1
667.0,Elevator call,666.2411587,5,-1,1,0, got allocated to elevator, 0
672.0,Elev,0,  arrived at dest, 0, this call is done!, Elevator call,619.6454197,9,0,3,0, Done, dt, 52.35458029999995
672.0, elevID,0,  pos,0,  cmd, goto,-1
673.0,Elevator call,672.6773142,0,-1,1,1, got allocated to elevator, 1
676.0,Elev,1,  arrived at dest, 2, this call is done!, Elevator call,643.8547515,-1,2,3,1, Done, dt, 32.14524849999998
676.0, elevID,1,  pos,2,  cmd, goto,3
678.0,Elevator call,677.7341948,0,-1,1,1, got allocated to elevator, 1
679.0,Elevator call,678.9953585,-1,-2,1,1, got allocated to elevator, 1
683.0,Elev,0,  arrived at src, -1, Elevator call,662.1730528,-1,5,2,0
683.0,Elev,0,  arrived at src, -1, Elevator call,665.1155549,-1,8,2,0
683.0, elevID,0,  pos,-1,  cmd, goto,5
687.0,Elev,1,  arrived at dest, 3, this call is done!, Elevator call,661.042082,-1,3,3,1, Done, dt, 25.95791799999995
687.0, elevID,1,  pos,3,  cmd, goto,4
696.0,Elevator call,695.2239882,0,10,1,0, got allocated to elevator, 0
698.0,Elev,1,  arrived at src, 4, Elevator call,666.0340295,4,0,2,1
698.0, elevID,1,  pos,4,  cmd, goto,6
699.0,Elev,0,  arrived at dest, 5, this call is done!, Elevator call,662.1730528,-1,5,3,0, Done, dt, 36.82694719999995
699.0,Elev,0,  arrived at src, 5, Elevator call,666.2411587,5,-1,2,0
699.0, elevID,0,  pos,5,  cmd, goto,8
707.0,Elevator call,706.1583475,-1,-2,1,1, got allocated to elevator, 1
709.0,Elev,1,  arrived at src, 6, Elevator call,660.0732908,6,10,2,1
709.0, elevID,1,  pos,6,  cmd, goto,10
711.0,Elevator call,710.324977,0,1,1,1, got allocated to elevator, 1
712.0,Elev,0,  arrived at dest, 8, this call is done!, Elevator call,665.1155549,-1,8,3,0, Done, dt, 46.88444509999999
712.0, elevID,0,  pos,8,  cmd, goto,0
714.0,Elevator call,713.0191971,1,0,1,1, got allocated to elevator, 1
714.0,Elevator call,713.2499766,10,-1,1,0, got allocated to elevator, 0
721.0,Elev,1,  arrived at dest, 10, this call is done!, Elevator call,660.0732908,6,10,3,1, Done, dt, 60.926709200000005
721.0, elevID,1,  pos,10,  cmd, goto,1
723.0,Elevator call,722.6161213,10,0,1,0, got allocated to elevator, 0
728.0,Elevator call,727.5146029,-1,0,1,1, got allocated to elevator, 1
730.0,Elev,0,  arrived at src, 0, Elevator call,695.2239882,0,10,2,0
730.0, elevID,0,  pos,0,  cmd, goto,-1
733.0,Elevator call,732.9746341,6,-1,1,0, got allocated to elevator, 0
736.0,Elev,1,  arrived at src, 1, Elevator call,713.0191971,1,0,2,1
736.0, elevID,1,  pos,1,  cmd, goto,0
738.0,Elevator call,737.3147202,1,0,1,1, got allocated to elevator, 1
, elevID,1,  pos,1,  cmd, stop,1
741.0,Elev,0,  arrived at dest, -1, this call is done!, Elevator call,666.2411587,5,-1,3,0, Done, dt, 74.75884129999997
741.0, elevID,0,  pos,-1,  cmd, goto,6
746.0,Elev,1,  arrived at src, 1, Elevator call,737.3147202,1,0,2,1
746.0, elevID,1,  pos,1,  cmd, goto,0
757.0,Elev,1,  arrived at dest, 0, this call is done!, Elevator call,666.0340295,4,0,3,1, Done, dt, 90.96597050000003
757.0,Elev,1,  arrived at src, 0, Elevator call,672.6773142,0,-1,2,1
757.0,Elev,1,  arrived at src, 0, Elevator call,677.7341948,0,-1,2,1
757.0,Elev,1,  arrived at src, 0, Elevator call,710.324977,0,1,2,1
757.0,Elev,1,  arrived at dest, 0, this call is done!, Elevator call,713.0191971,1,0,3,1, Done, dt, 43.98080289999996
757.0,Elev,1,  arrived at dest, 0, this call is done!, Elevator call,737.3147202,1,0,3,1, Done, dt, 19.68527979999999
757.0, elevID,1,  pos,0,  cmd, goto,-1
758.0,Elev,0,  arrived at src, 6, Elevator call,732.9746341,6,-1,2,0
758.0, elevID,0,  pos,6,  cmd, goto,10
768.0,Elev,1,  arrived at dest, -1, this call is done!, Elevator call,672.6773142,0,-1,3,1, Done, dt, 95.32268580000004
768.0,Elev,1,  arrived at dest, -1, this call is done!, Elevator call,677.7341948,0,-1,3,1, Done, dt, 90.26580520000005
768.0,Elev,1,  arrived at src, -1, Elevator call,678.9953585,-1,-2,2,1
768.0,Elev,1,  arrived at src, -1, Elevator call,706.1583475,-1,-2,2,1
768.0,Elev,1,  arrived at src, -1, Elevator call,727.5146029,-1,0,2,1
768.0, elevID,1,  pos,-1,  cmd, goto,-2
772.0,Elev,0,  arrived at dest, 10, this call is done!, Elevator call,695.2239882,0,10,3,0, Done, dt, 76.77601179999999
772.0,Elev,0,  arrived at src, 10, Elevator call,713.2499766,10,-1,2,0
772.0,Elev,0,  arrived at src, 10, Elevator call,722.6161213,10,0,2,0
772.0, elevID,0,  pos,10,  cmd, goto,0
779.0,Elev,1,  arrived at dest, -2, this call is done!, Elevator call,678.9953585,-1,-2,3,1, Done, dt, 100.00464150000005
779.0,Elev,1,  arrived at dest, -2, this call is done!, Elevator call,706.1583475,-1,-2,3,1, Done, dt, 72.84165250000001
779.0, elevID,1,  pos,-2,  cmd, goto,0
780.0,Elevator call,779.3996914,-1,5,1,0, got allocated to elevator, 0
790.0,Elev,1,  arrived at dest, 0, this call is done!, Elevator call,727.5146029,-1,0,3,1, Done, dt, 62.4853971
790.0, elevID,1,  pos,0,  cmd, goto,1
792.0,Elev,0,  arrived at dest, 0, this call is done!, Elevator call,722.6161213,10,0,3,0, Done, dt, 69.38387869999997
792.0, elevID,0,  pos,0,  cmd, goto,-1
801.0,Elev,1,  arrived at dest, 1, this call is done!, Elevator call,710.324977,0,1,3,1, Done, dt, 90.67502300000001
803.0,Elev,0,  arrived at dest, -1, this call is done!, Elevator call,713.2499766,10,-1,3,0, Done, dt, 89.75002340000003
803.0,Elev,0,  arrived at dest, -1, this call is done!, Elevator call,732.9746341,6,-1,3,0, Done, dt, 70.0253659
803.0,Elev,0,  arrived at src, -1, Elevator call,779.3996914,-1,5,2,0
803.0, elevID,0,  pos,-1,  cmd, goto,5
806.0,Elevator call,805.6754743,-1,-2,1,1, got allocated to elevator, 1
806.0, elevID,1,  pos,1,  cmd, goto,-1
811.0,Elevator call,810.4469089,2,0,1,1, got allocated to elevator, 1
817.0,Elevator call,816.1516998,7,-1,1,0, got allocated to elevator, 0
817.0,Elev,1,  arrived at src, -1, Elevator call,805.6754743,-1,-2,2,1
817.0, elevID,1,  pos,-1,  cmd, goto,-2
819.0,Elev,0,  arrived at dest, 5, this call is done!, Elevator call,779.3996914,-1,5,3,0, Done, dt, 39.60030859999995
819.0, elevID,0,  pos,5,  cmd, goto,7
826.0,Elevator call,825.4575185,7,0,1,0, got allocated to elevator, 0
828.0,Elev,1,  arrived at dest, -2, this call is done!, Elevator call,805.6754743,-1,-2,3,1, Done, dt, 22.32452569999998
828.0, elevID,1,  pos,-2,  cmd, goto,2
831.0,Elev,0,  arrived at src, 7, Elevator call,816.1516998,7,-1,2,0
831.0,Elev,0,  arrived at src, 7, Elevator call,825.4575185,7,0,2,0
831.0, elevID,0,  pos,7,  cmd, goto,0
840.0,Elevator call,839.8525653,0,1,1,1, got allocated to elevator, 1
840.0,Elev,1,  arrived at src, 2, Elevator call,810.4469089,2,0,2,1
840.0, elevID,1,  pos,2,  cmd, goto,0
848.0,Elev,0,  arrived at dest, 0, this call is done!, Elevator call,825.4575185,7,0,3,0, Done, dt, 22.542481500000008
848.0, elevID,0,  pos,0,  cmd, goto,-1
851.0,Elev,1,  arrived at dest, 0, this call is done!, Elevator call,810.4469089,2,0,3,1, Done, dt, 40.55309109999996
851.0,Elev,1,  arrived at src, 0, Elevator call,839.8525653,0,1,2,1
851.0, elevID,1,  pos,0,  cmd, goto,1
855.0,Elevator call,854.2002278,6,-1,1,0, got allocated to elevator, 0
859.0,Elev,0,  arrived at dest, -1, this call is done!, Elevator call,816.1516998,7,-1,3,0, Done, dt, 42.84830020000004
859.0, elevID,0,  pos,-1,  cmd, goto,6
862.0,Elev,1,  arrived at dest, 1, this call is done!, Elevator call,839.8525653,0,1,3,1, Done, dt, 22.147434699999963
864.0,Elevator call,863.8932913,0,-1,1,1, got allocated to elevator, 1
864.0, elevID,1,  pos,1,  cmd, goto,0
871.0,Elevator call,870.5053024,0,7,1,0, got allocated to elevator, 0
875.0,Elev,1,  arrived at src, 0, Elevator call,863.8932913,0,-1,2,1
875.0, elevID,1,  pos,0,  cmd, goto,-1
876.0,Elev,0,  arrived at src, 6, Elevator call,854.2002278,6,-1,2,0
876.0, elevID,0,  pos,6,  cmd, goto,0
886.0,Elev,1,  arrived at dest, -1, this call is done!, Elevator call,863.8932913,0,-1,3,1, Done, dt, 22.106708700000013
887.0,Elevator call,886.5649993,-1,-2,1,1, got allocated to elevator, 1
887.0,Elev,1,  arrived at src, -1, Elevator call,886.5649993,-1,-2,2,1
887.0, elevID,1,  pos,-1,  cmd, goto,-2
892.0,Elev,0,  arrived at src, 0, Elevator call,870.5053024,0,7,2,0
892.0, elevID,0,  pos,0,  cmd, goto,-1
893.0,Elevator call,892.5212151,9,-1,1,0, got allocated to elevator, 0
898.0,Elev,1,  arrived at dest, -2, this call is done!, Elevator call,886.5649993,-1,-2,3,1, Done, dt, 11.435000700000046
903.0,Elev,0,  arrived at dest, -1, this call is done!, Elevator call,854.2002278,6,-1,3,0, Done, dt, 48.79977220000001
903.0, elevID,0,  pos,-1,  cmd, goto,7
911.0,Elevator call,910.5388559,6,5,1,1, got allocated to elevator, 1
911.0, elevID,1,  pos,-2,  cmd, goto,6
916.0,Elevator call,915.9490575,4,-1,1,1, got allocated to elevator, 1
916.0, elevID,1,  pos,-2,  cmd, stop,4
921.0,Elev,0,  arrived at dest, 7, this call is done!, Elevator call,870.5053024,0,7,3,0, Done, dt, 50.494697599999995
921.0, elevID,0,  pos,7,  cmd, goto,9
924.0,Elev,1,  arrived at src, 4, Elevator call,915.9490575,4,-1,2,1
924.0, elevID,1,  pos,4,  cmd, goto,6
933.0,Elev,0,  arrived at src, 9, Elevator call,892.5212151,9,-1,2,0
933.0, elevID,0,  pos,9,  cmd, goto,-1
934.0,Elevator call,933.8580452,7,5,1,1, got allocated to elevator, 1
935.0,Elev,1,  arrived at src, 6, Elevator call,910.5388559,6,5,2,1
935.0, elevID,1,  pos,6,  cmd, goto,7
946.0,Elev,1,  arrived at src, 7, Elevator call,933.8580452,7,5,2,1
946.0, elevID,1,  pos,7,  cmd, goto,5
953.0,Elev,0,  arrived at dest, -1, this call is done!, Elevator call,892.5212151,9,-1,3,0, Done, dt, 60.47878490000005
957.0,Elev,1,  arrived at dest, 5, this call is done!, Elevator call,910.5388559,6,5,3,1, Done, dt, 46.461144099999956
957.0,Elev,1,  arrived at dest, 5, this call is done!, Elevator call,933.8580452,7,5,3,1, Done, dt, 23.141954800000008
957.0, elevID,1,  pos,5,  cmd, goto,-1
962.0,Elevator call,961.6862856,6,-1,1,0, got allocated to elevator, 0
962.0, elevID,0,  pos,-1,  cmd, goto,6
970.0,Elev,1,  arrived at dest, -1, this call is done!, Elevator call,915.9490575,4,-1,3,1, Done, dt, 54.05094250000002
973.0,Elevator call,972.8032126,1,0,1,1, got allocated to elevator, 1
973.0, elevID,1,  pos,-1,  cmd, goto,1
976.0,Elevator call,975.8361203,0,-1,1,1, got allocated to elevator, 1
976.0, elevID,1,  pos,-1,  cmd, stop,0
979.0,Elevator call,978.5925149,10,0,1,0, got allocated to elevator, 0
979.0,Elevator call,978.6210501,10,-1,1,0, got allocated to elevator, 0
979.0,Elev,0,  arrived at src, 6, Elevator call,961.6862856,6,-1,2,0
979.0, elevID,0,  pos,6,  cmd, goto,10
984.0,Elev,1,  arrived at src, 0, Elevator call,975.8361203,0,-1,2,1
984.0, elevID,1,  pos,0,  cmd, goto,1
985.0,Elevator call,984.1840186,7,0,1,0, got allocated to elevator, 0
985.0, elevID,0,  pos,7,  cmd, stop,7
990.0,Elev,0,  arrived at src, 7, Elevator call,984.1840186,7,0,2,0
990.0, elevID,0,  pos,7,  cmd, goto,10
995.0,Elev,1,  arrived at src, 1, Elevator call,972.8032126,1,0,2,1
995.0, elevID,1,  pos,1,  cmd, goto,0
1003.0,Elev,0,  arrived at src, 10, Elevator call,978.5925149,10,0,2,0
1003.0,Elev,0,  arrived at src, 10, Elevator call,978.6210501,10,-1,2,0
1003.0, elevID,0,  pos,10,  cmd, goto,0
1006.0,Elev,1,  arrived at dest, 0, this call is done!, Elevator call,972.8032126,1,0,3,1, Done, dt, 33.19678739999995
1006.0, elevID,1,  pos,0,  cmd, goto,-1
1017.0,Elev,1,  arrived at dest, -1, this call is done!, Elevator call,975.8361203,0,-1,3,1, Done, dt, 41.16387970000005
1023.0,Elev,0,  arrived at dest, 0, this call is done!, Elevator call,978.5925149,10,0,3,0, Done, dt, 44.40748510000003
1023.0,Elev,0,  arrived at dest, 0, this call is done!, Elevator call,984.1840186,7,0,3,0, Done, dt, 38.815981400000055
1023.0, elevID,0,  pos,0,  cmd, goto,-1
1034.0,Elev,0,  arrived at dest, -1, this call is done!, Elevator call,961.6862856,6,-1,3,0, Done, dt, 72.31371439999998
1034.0,Elev,0,  arrived at dest, -1, this call is done!, Elevator call,978.6210501,10,-1,3,0, Done, dt, 55.37894989999995
1035.0,************* Simulation Ended ************
Code Owners,1111,2222,3333,  Building_file,data/Ex1_input/Ex1_Buildings/B2.json,  Calls,out/Ex1_B2_case_a.csv
Total waiting time: 5064.0,  average waiting time per call: 50.64,  unCompleted calls,0,  certificate, -23559283
